The system is: Linux - 5.18.6-1-default - x86_64
Compiling the C compiler identification source file "CMakeCCompilerId.c" succeeded.
Compiler: /bin/x86_64-suse-linux-gcc-11 
Build flags: 
Id flags:  

The output was:
0


Compilation of the C compiler identification source "CMakeCCompilerId.c" produced "a.out"

The C compiler identification is GNU, found in "/home/theam/development/projects/cpp/callstack/build/CMakeFiles/3.23.2/CompilerIdC/a.out"

Compiling the CXX compiler identification source file "CMakeCXXCompilerId.cpp" succeeded.
Compiler: /bin/clang-13.0.1 
Build flags: 
Id flags:  

The output was:
0


Compilation of the CXX compiler identification source "CMakeCXXCompilerId.cpp" produced "a.out"

The CXX compiler identification is Clang, found in "/home/theam/development/projects/cpp/callstack/build/CMakeFiles/3.23.2/CompilerIdCXX/a.out"

Detecting C compiler ABI info compiled with the following output:
Change Dir: /home/theam/development/projects/cpp/callstack/build/CMakeFiles/CMakeTmp

Run Build Command(s):/usr/bin/gmake -f Makefile cmTC_e72a4/fast && /usr/bin/gmake  -f CMakeFiles/cmTC_e72a4.dir/build.make CMakeFiles/cmTC_e72a4.dir/build
gmake[1]: Entering directory '/home/theam/development/projects/cpp/callstack/build/CMakeFiles/CMakeTmp'
Building C object CMakeFiles/cmTC_e72a4.dir/CMakeCCompilerABI.c.o
/bin/x86_64-suse-linux-gcc-11   -v -o CMakeFiles/cmTC_e72a4.dir/CMakeCCompilerABI.c.o -c /usr/share/cmake/Modules/CMakeCCompilerABI.c
Using built-in specs.
COLLECT_GCC=/bin/x86_64-suse-linux-gcc-11
OFFLOAD_TARGET_NAMES=nvptx-none:amdgcn-amdhsa
OFFLOAD_TARGET_DEFAULT=1
Target: x86_64-suse-linux
Configured with: ../configure --prefix=/usr --infodir=/usr/share/info --mandir=/usr/share/man --libdir=/usr/lib64 --libexecdir=/usr/lib64 --enable-languages=c,c++,objc,fortran,obj-c++,ada,go,d,jit --enable-offload-targets=nvptx-none,amdgcn-amdhsa, --without-cuda-driver --enable-host-shared --enable-checking=release --disable-werror --with-gxx-include-dir=/usr/include/c++/11 --enable-ssp --disable-libssp --disable-libvtv --enable-cet=auto --disable-libcc1 --enable-plugin --with-bugurl=https://bugs.opensuse.org/ --with-pkgversion='SUSE Linux' --with-slibdir=/lib64 --with-system-zlib --enable-libstdcxx-allocator=new --disable-libstdcxx-pch --enable-libphobos --enable-version-specific-runtime-libs --with-gcc-major-version-only --enable-linker-build-id --enable-linux-futex --enable-gnu-indirect-function --program-suffix=-11 --without-system-libunwind --enable-multilib --with-arch-32=x86-64 --with-tune=generic --with-build-config=bootstrap-lto-lean --enable-link-mutex --build=x86_64-suse-linux --host=x86_64-suse-linux
Thread model: posix
Supported LTO compression algorithms: zlib zstd
gcc version 11.2.1 20220420 [revision 691af15031e00227ba6d5935c1d737026cda4129] (SUSE Linux) 
COLLECT_GCC_OPTIONS='-v' '-o' 'CMakeFiles/cmTC_e72a4.dir/CMakeCCompilerABI.c.o' '-c' '-mtune=generic' '-march=x86-64' '-dumpdir' 'CMakeFiles/cmTC_e72a4.dir/'
 /usr/lib64/gcc/x86_64-suse-linux/11/cc1 -quiet -v /usr/share/cmake/Modules/CMakeCCompilerABI.c -quiet -dumpdir CMakeFiles/cmTC_e72a4.dir/ -dumpbase CMakeCCompilerABI.c.c -dumpbase-ext .c -mtune=generic -march=x86-64 -version -o /tmp/ccIhgH3H.s
GNU C17 (SUSE Linux) version 11.2.1 20220420 [revision 691af15031e00227ba6d5935c1d737026cda4129] (x86_64-suse-linux)
	compiled by GNU C version 11.2.1 20220420 [revision 691af15031e00227ba6d5935c1d737026cda4129], GMP version 6.2.1, MPFR version 4.1.0-p7, MPC version 1.2.1, isl version isl-0.24-GMP

GGC heuristics: --param ggc-min-expand=100 --param ggc-min-heapsize=131072
#include "..." search starts here:
#include <...> search starts here:
 /usr/lib64/gcc/x86_64-suse-linux/11/include
 /usr/local/include
 /usr/lib64/gcc/x86_64-suse-linux/11/include-fixed
 /usr/lib64/gcc/x86_64-suse-linux/11/../../../../x86_64-suse-linux/include
 /usr/include
End of search list.
GNU C17 (SUSE Linux) version 11.2.1 20220420 [revision 691af15031e00227ba6d5935c1d737026cda4129] (x86_64-suse-linux)
	compiled by GNU C version 11.2.1 20220420 [revision 691af15031e00227ba6d5935c1d737026cda4129], GMP version 6.2.1, MPFR version 4.1.0-p7, MPC version 1.2.1, isl version isl-0.24-GMP

GGC heuristics: --param ggc-min-expand=100 --param ggc-min-heapsize=131072
Compiler executable checksum: 00000000000000000000000000000000
COLLECT_GCC_OPTIONS='-v' '-o' 'CMakeFiles/cmTC_e72a4.dir/CMakeCCompilerABI.c.o' '-c' '-mtune=generic' '-march=x86-64' '-dumpdir' 'CMakeFiles/cmTC_e72a4.dir/'
 /usr/lib64/gcc/x86_64-suse-linux/11/../../../../x86_64-suse-linux/bin/as -v --64 -o CMakeFiles/cmTC_e72a4.dir/CMakeCCompilerABI.c.o /tmp/ccIhgH3H.s
GNU assembler version 2.38 (x86_64-suse-linux) using BFD version (GNU Binutils; openSUSE Tumbleweed) 2.38.20220525-6
COMPILER_PATH=/usr/lib64/gcc/x86_64-suse-linux/11/:/usr/lib64/gcc/x86_64-suse-linux/11/:/usr/lib64/gcc/x86_64-suse-linux/:/usr/lib64/gcc/x86_64-suse-linux/11/:/usr/lib64/gcc/x86_64-suse-linux/:/usr/lib64/gcc/x86_64-suse-linux/11/../../../../x86_64-suse-linux/bin/
LIBRARY_PATH=/usr/lib64/gcc/x86_64-suse-linux/11/:/usr/lib64/gcc/x86_64-suse-linux/11/../../../../lib64/:/lib/../lib64/:/usr/lib/../lib64/:/usr/lib64/gcc/x86_64-suse-linux/11/../../../../x86_64-suse-linux/lib/:/usr/lib64/gcc/x86_64-suse-linux/11/../../../:/lib/:/usr/lib/
COLLECT_GCC_OPTIONS='-v' '-o' 'CMakeFiles/cmTC_e72a4.dir/CMakeCCompilerABI.c.o' '-c' '-mtune=generic' '-march=x86-64' '-dumpdir' 'CMakeFiles/cmTC_e72a4.dir/CMakeCCompilerABI.c.'
Linking C executable cmTC_e72a4
/usr/bin/cmake -E cmake_link_script CMakeFiles/cmTC_e72a4.dir/link.txt --verbose=1
/bin/x86_64-suse-linux-gcc-11  -v -rdynamic CMakeFiles/cmTC_e72a4.dir/CMakeCCompilerABI.c.o -o cmTC_e72a4 
Using built-in specs.
COLLECT_GCC=/bin/x86_64-suse-linux-gcc-11
COLLECT_LTO_WRAPPER=/usr/lib64/gcc/x86_64-suse-linux/11/lto-wrapper
OFFLOAD_TARGET_NAMES=nvptx-none:amdgcn-amdhsa
OFFLOAD_TARGET_DEFAULT=1
Target: x86_64-suse-linux
Configured with: ../configure --prefix=/usr --infodir=/usr/share/info --mandir=/usr/share/man --libdir=/usr/lib64 --libexecdir=/usr/lib64 --enable-languages=c,c++,objc,fortran,obj-c++,ada,go,d,jit --enable-offload-targets=nvptx-none,amdgcn-amdhsa, --without-cuda-driver --enable-host-shared --enable-checking=release --disable-werror --with-gxx-include-dir=/usr/include/c++/11 --enable-ssp --disable-libssp --disable-libvtv --enable-cet=auto --disable-libcc1 --enable-plugin --with-bugurl=https://bugs.opensuse.org/ --with-pkgversion='SUSE Linux' --with-slibdir=/lib64 --with-system-zlib --enable-libstdcxx-allocator=new --disable-libstdcxx-pch --enable-libphobos --enable-version-specific-runtime-libs --with-gcc-major-version-only --enable-linker-build-id --enable-linux-futex --enable-gnu-indirect-function --program-suffix=-11 --without-system-libunwind --enable-multilib --with-arch-32=x86-64 --with-tune=generic --with-build-config=bootstrap-lto-lean --enable-link-mutex --build=x86_64-suse-linux --host=x86_64-suse-linux
Thread model: posix
Supported LTO compression algorithms: zlib zstd
gcc version 11.2.1 20220420 [revision 691af15031e00227ba6d5935c1d737026cda4129] (SUSE Linux) 
COMPILER_PATH=/usr/lib64/gcc/x86_64-suse-linux/11/:/usr/lib64/gcc/x86_64-suse-linux/11/:/usr/lib64/gcc/x86_64-suse-linux/:/usr/lib64/gcc/x86_64-suse-linux/11/:/usr/lib64/gcc/x86_64-suse-linux/:/usr/lib64/gcc/x86_64-suse-linux/11/../../../../x86_64-suse-linux/bin/
LIBRARY_PATH=/usr/lib64/gcc/x86_64-suse-linux/11/:/usr/lib64/gcc/x86_64-suse-linux/11/../../../../lib64/:/lib/../lib64/:/usr/lib/../lib64/:/usr/lib64/gcc/x86_64-suse-linux/11/../../../../x86_64-suse-linux/lib/:/usr/lib64/gcc/x86_64-suse-linux/11/../../../:/lib/:/usr/lib/
COLLECT_GCC_OPTIONS='-v' '-rdynamic' '-o' 'cmTC_e72a4' '-mtune=generic' '-march=x86-64' '-dumpdir' 'cmTC_e72a4.'
 /usr/lib64/gcc/x86_64-suse-linux/11/collect2 -plugin /usr/lib64/gcc/x86_64-suse-linux/11/liblto_plugin.so -plugin-opt=/usr/lib64/gcc/x86_64-suse-linux/11/lto-wrapper -plugin-opt=-fresolution=/tmp/ccrKV437.res -plugin-opt=-pass-through=-lgcc -plugin-opt=-pass-through=-lgcc_s -plugin-opt=-pass-through=-lc -plugin-opt=-pass-through=-lgcc -plugin-opt=-pass-through=-lgcc_s --build-id --eh-frame-hdr -m elf_x86_64 -export-dynamic -dynamic-linker /lib64/ld-linux-x86-64.so.2 -o cmTC_e72a4 /usr/lib64/gcc/x86_64-suse-linux/11/../../../../lib64/crt1.o /usr/lib64/gcc/x86_64-suse-linux/11/../../../../lib64/crti.o /usr/lib64/gcc/x86_64-suse-linux/11/crtbegin.o -L/usr/lib64/gcc/x86_64-suse-linux/11 -L/usr/lib64/gcc/x86_64-suse-linux/11/../../../../lib64 -L/lib/../lib64 -L/usr/lib/../lib64 -L/usr/lib64/gcc/x86_64-suse-linux/11/../../../../x86_64-suse-linux/lib -L/usr/lib64/gcc/x86_64-suse-linux/11/../../.. CMakeFiles/cmTC_e72a4.dir/CMakeCCompilerABI.c.o -lgcc --push-state --as-needed -lgcc_s --pop-state -lc -lgcc --push-state --as-needed -lgcc_s --pop-state /usr/lib64/gcc/x86_64-suse-linux/11/crtend.o /usr/lib64/gcc/x86_64-suse-linux/11/../../../../lib64/crtn.o
COLLECT_GCC_OPTIONS='-v' '-rdynamic' '-o' 'cmTC_e72a4' '-mtune=generic' '-march=x86-64' '-dumpdir' 'cmTC_e72a4.'
gmake[1]: Leaving directory '/home/theam/development/projects/cpp/callstack/build/CMakeFiles/CMakeTmp'



Parsed C implicit include dir info from above output: rv=done
  found start of include info
  found start of implicit include info
    add: [/usr/lib64/gcc/x86_64-suse-linux/11/include]
    add: [/usr/local/include]
    add: [/usr/lib64/gcc/x86_64-suse-linux/11/include-fixed]
    add: [/usr/lib64/gcc/x86_64-suse-linux/11/../../../../x86_64-suse-linux/include]
    add: [/usr/include]
  end of search list found
  collapse include dir [/usr/lib64/gcc/x86_64-suse-linux/11/include] ==> [/usr/lib64/gcc/x86_64-suse-linux/11/include]
  collapse include dir [/usr/local/include] ==> [/usr/local/include]
  collapse include dir [/usr/lib64/gcc/x86_64-suse-linux/11/include-fixed] ==> [/usr/lib64/gcc/x86_64-suse-linux/11/include-fixed]
  collapse include dir [/usr/lib64/gcc/x86_64-suse-linux/11/../../../../x86_64-suse-linux/include] ==> [/usr/x86_64-suse-linux/include]
  collapse include dir [/usr/include] ==> [/usr/include]
  implicit include dirs: [/usr/lib64/gcc/x86_64-suse-linux/11/include;/usr/local/include;/usr/lib64/gcc/x86_64-suse-linux/11/include-fixed;/usr/x86_64-suse-linux/include;/usr/include]


Parsed C implicit link information from above output:
  link line regex: [^( *|.*[/\])(ld|CMAKE_LINK_STARTFILE-NOTFOUND|([^/\]+-)?ld|collect2)[^/\]*( |$)]
  ignore line: [Change Dir: /home/theam/development/projects/cpp/callstack/build/CMakeFiles/CMakeTmp]
  ignore line: []
  ignore line: [Run Build Command(s):/usr/bin/gmake -f Makefile cmTC_e72a4/fast && /usr/bin/gmake  -f CMakeFiles/cmTC_e72a4.dir/build.make CMakeFiles/cmTC_e72a4.dir/build]
  ignore line: [gmake[1]: Entering directory '/home/theam/development/projects/cpp/callstack/build/CMakeFiles/CMakeTmp']
  ignore line: [Building C object CMakeFiles/cmTC_e72a4.dir/CMakeCCompilerABI.c.o]
  ignore line: [/bin/x86_64-suse-linux-gcc-11   -v -o CMakeFiles/cmTC_e72a4.dir/CMakeCCompilerABI.c.o -c /usr/share/cmake/Modules/CMakeCCompilerABI.c]
  ignore line: [Using built-in specs.]
  ignore line: [COLLECT_GCC=/bin/x86_64-suse-linux-gcc-11]
  ignore line: [OFFLOAD_TARGET_NAMES=nvptx-none:amdgcn-amdhsa]
  ignore line: [OFFLOAD_TARGET_DEFAULT=1]
  ignore line: [Target: x86_64-suse-linux]
  ignore line: [Configured with: ../configure --prefix=/usr --infodir=/usr/share/info --mandir=/usr/share/man --libdir=/usr/lib64 --libexecdir=/usr/lib64 --enable-languages=c c++ objc fortran obj-c++ ada go d jit --enable-offload-targets=nvptx-none amdgcn-amdhsa  --without-cuda-driver --enable-host-shared --enable-checking=release --disable-werror --with-gxx-include-dir=/usr/include/c++/11 --enable-ssp --disable-libssp --disable-libvtv --enable-cet=auto --disable-libcc1 --enable-plugin --with-bugurl=https://bugs.opensuse.org/ --with-pkgversion='SUSE Linux' --with-slibdir=/lib64 --with-system-zlib --enable-libstdcxx-allocator=new --disable-libstdcxx-pch --enable-libphobos --enable-version-specific-runtime-libs --with-gcc-major-version-only --enable-linker-build-id --enable-linux-futex --enable-gnu-indirect-function --program-suffix=-11 --without-system-libunwind --enable-multilib --with-arch-32=x86-64 --with-tune=generic --with-build-config=bootstrap-lto-lean --enable-link-mutex --build=x86_64-suse-linux --host=x86_64-suse-linux]
  ignore line: [Thread model: posix]
  ignore line: [Supported LTO compression algorithms: zlib zstd]
  ignore line: [gcc version 11.2.1 20220420 [revision 691af15031e00227ba6d5935c1d737026cda4129] (SUSE Linux) ]
  ignore line: [COLLECT_GCC_OPTIONS='-v' '-o' 'CMakeFiles/cmTC_e72a4.dir/CMakeCCompilerABI.c.o' '-c' '-mtune=generic' '-march=x86-64' '-dumpdir' 'CMakeFiles/cmTC_e72a4.dir/']
  ignore line: [ /usr/lib64/gcc/x86_64-suse-linux/11/cc1 -quiet -v /usr/share/cmake/Modules/CMakeCCompilerABI.c -quiet -dumpdir CMakeFiles/cmTC_e72a4.dir/ -dumpbase CMakeCCompilerABI.c.c -dumpbase-ext .c -mtune=generic -march=x86-64 -version -o /tmp/ccIhgH3H.s]
  ignore line: [GNU C17 (SUSE Linux) version 11.2.1 20220420 [revision 691af15031e00227ba6d5935c1d737026cda4129] (x86_64-suse-linux)]
  ignore line: [	compiled by GNU C version 11.2.1 20220420 [revision 691af15031e00227ba6d5935c1d737026cda4129]  GMP version 6.2.1  MPFR version 4.1.0-p7  MPC version 1.2.1  isl version isl-0.24-GMP]
  ignore line: []
  ignore line: [GGC heuristics: --param ggc-min-expand=100 --param ggc-min-heapsize=131072]
  ignore line: [#include "..." search starts here:]
  ignore line: [#include <...> search starts here:]
  ignore line: [ /usr/lib64/gcc/x86_64-suse-linux/11/include]
  ignore line: [ /usr/local/include]
  ignore line: [ /usr/lib64/gcc/x86_64-suse-linux/11/include-fixed]
  ignore line: [ /usr/lib64/gcc/x86_64-suse-linux/11/../../../../x86_64-suse-linux/include]
  ignore line: [ /usr/include]
  ignore line: [End of search list.]
  ignore line: [GNU C17 (SUSE Linux) version 11.2.1 20220420 [revision 691af15031e00227ba6d5935c1d737026cda4129] (x86_64-suse-linux)]
  ignore line: [	compiled by GNU C version 11.2.1 20220420 [revision 691af15031e00227ba6d5935c1d737026cda4129]  GMP version 6.2.1  MPFR version 4.1.0-p7  MPC version 1.2.1  isl version isl-0.24-GMP]
  ignore line: []
  ignore line: [GGC heuristics: --param ggc-min-expand=100 --param ggc-min-heapsize=131072]
  ignore line: [Compiler executable checksum: 00000000000000000000000000000000]
  ignore line: [COLLECT_GCC_OPTIONS='-v' '-o' 'CMakeFiles/cmTC_e72a4.dir/CMakeCCompilerABI.c.o' '-c' '-mtune=generic' '-march=x86-64' '-dumpdir' 'CMakeFiles/cmTC_e72a4.dir/']
  ignore line: [ /usr/lib64/gcc/x86_64-suse-linux/11/../../../../x86_64-suse-linux/bin/as -v --64 -o CMakeFiles/cmTC_e72a4.dir/CMakeCCompilerABI.c.o /tmp/ccIhgH3H.s]
  ignore line: [GNU assembler version 2.38 (x86_64-suse-linux) using BFD version (GNU Binutils]
  ignore line: [ openSUSE Tumbleweed) 2.38.20220525-6]
  ignore line: [COMPILER_PATH=/usr/lib64/gcc/x86_64-suse-linux/11/:/usr/lib64/gcc/x86_64-suse-linux/11/:/usr/lib64/gcc/x86_64-suse-linux/:/usr/lib64/gcc/x86_64-suse-linux/11/:/usr/lib64/gcc/x86_64-suse-linux/:/usr/lib64/gcc/x86_64-suse-linux/11/../../../../x86_64-suse-linux/bin/]
  ignore line: [LIBRARY_PATH=/usr/lib64/gcc/x86_64-suse-linux/11/:/usr/lib64/gcc/x86_64-suse-linux/11/../../../../lib64/:/lib/../lib64/:/usr/lib/../lib64/:/usr/lib64/gcc/x86_64-suse-linux/11/../../../../x86_64-suse-linux/lib/:/usr/lib64/gcc/x86_64-suse-linux/11/../../../:/lib/:/usr/lib/]
  ignore line: [COLLECT_GCC_OPTIONS='-v' '-o' 'CMakeFiles/cmTC_e72a4.dir/CMakeCCompilerABI.c.o' '-c' '-mtune=generic' '-march=x86-64' '-dumpdir' 'CMakeFiles/cmTC_e72a4.dir/CMakeCCompilerABI.c.']
  ignore line: [Linking C executable cmTC_e72a4]
  ignore line: [/usr/bin/cmake -E cmake_link_script CMakeFiles/cmTC_e72a4.dir/link.txt --verbose=1]
  ignore line: [/bin/x86_64-suse-linux-gcc-11  -v -rdynamic CMakeFiles/cmTC_e72a4.dir/CMakeCCompilerABI.c.o -o cmTC_e72a4 ]
  ignore line: [Using built-in specs.]
  ignore line: [COLLECT_GCC=/bin/x86_64-suse-linux-gcc-11]
  ignore line: [COLLECT_LTO_WRAPPER=/usr/lib64/gcc/x86_64-suse-linux/11/lto-wrapper]
  ignore line: [OFFLOAD_TARGET_NAMES=nvptx-none:amdgcn-amdhsa]
  ignore line: [OFFLOAD_TARGET_DEFAULT=1]
  ignore line: [Target: x86_64-suse-linux]
  ignore line: [Configured with: ../configure --prefix=/usr --infodir=/usr/share/info --mandir=/usr/share/man --libdir=/usr/lib64 --libexecdir=/usr/lib64 --enable-languages=c c++ objc fortran obj-c++ ada go d jit --enable-offload-targets=nvptx-none amdgcn-amdhsa  --without-cuda-driver --enable-host-shared --enable-checking=release --disable-werror --with-gxx-include-dir=/usr/include/c++/11 --enable-ssp --disable-libssp --disable-libvtv --enable-cet=auto --disable-libcc1 --enable-plugin --with-bugurl=https://bugs.opensuse.org/ --with-pkgversion='SUSE Linux' --with-slibdir=/lib64 --with-system-zlib --enable-libstdcxx-allocator=new --disable-libstdcxx-pch --enable-libphobos --enable-version-specific-runtime-libs --with-gcc-major-version-only --enable-linker-build-id --enable-linux-futex --enable-gnu-indirect-function --program-suffix=-11 --without-system-libunwind --enable-multilib --with-arch-32=x86-64 --with-tune=generic --with-build-config=bootstrap-lto-lean --enable-link-mutex --build=x86_64-suse-linux --host=x86_64-suse-linux]
  ignore line: [Thread model: posix]
  ignore line: [Supported LTO compression algorithms: zlib zstd]
  ignore line: [gcc version 11.2.1 20220420 [revision 691af15031e00227ba6d5935c1d737026cda4129] (SUSE Linux) ]
  ignore line: [COMPILER_PATH=/usr/lib64/gcc/x86_64-suse-linux/11/:/usr/lib64/gcc/x86_64-suse-linux/11/:/usr/lib64/gcc/x86_64-suse-linux/:/usr/lib64/gcc/x86_64-suse-linux/11/:/usr/lib64/gcc/x86_64-suse-linux/:/usr/lib64/gcc/x86_64-suse-linux/11/../../../../x86_64-suse-linux/bin/]
  ignore line: [LIBRARY_PATH=/usr/lib64/gcc/x86_64-suse-linux/11/:/usr/lib64/gcc/x86_64-suse-linux/11/../../../../lib64/:/lib/../lib64/:/usr/lib/../lib64/:/usr/lib64/gcc/x86_64-suse-linux/11/../../../../x86_64-suse-linux/lib/:/usr/lib64/gcc/x86_64-suse-linux/11/../../../:/lib/:/usr/lib/]
  ignore line: [COLLECT_GCC_OPTIONS='-v' '-rdynamic' '-o' 'cmTC_e72a4' '-mtune=generic' '-march=x86-64' '-dumpdir' 'cmTC_e72a4.']
  link line: [ /usr/lib64/gcc/x86_64-suse-linux/11/collect2 -plugin /usr/lib64/gcc/x86_64-suse-linux/11/liblto_plugin.so -plugin-opt=/usr/lib64/gcc/x86_64-suse-linux/11/lto-wrapper -plugin-opt=-fresolution=/tmp/ccrKV437.res -plugin-opt=-pass-through=-lgcc -plugin-opt=-pass-through=-lgcc_s -plugin-opt=-pass-through=-lc -plugin-opt=-pass-through=-lgcc -plugin-opt=-pass-through=-lgcc_s --build-id --eh-frame-hdr -m elf_x86_64 -export-dynamic -dynamic-linker /lib64/ld-linux-x86-64.so.2 -o cmTC_e72a4 /usr/lib64/gcc/x86_64-suse-linux/11/../../../../lib64/crt1.o /usr/lib64/gcc/x86_64-suse-linux/11/../../../../lib64/crti.o /usr/lib64/gcc/x86_64-suse-linux/11/crtbegin.o -L/usr/lib64/gcc/x86_64-suse-linux/11 -L/usr/lib64/gcc/x86_64-suse-linux/11/../../../../lib64 -L/lib/../lib64 -L/usr/lib/../lib64 -L/usr/lib64/gcc/x86_64-suse-linux/11/../../../../x86_64-suse-linux/lib -L/usr/lib64/gcc/x86_64-suse-linux/11/../../.. CMakeFiles/cmTC_e72a4.dir/CMakeCCompilerABI.c.o -lgcc --push-state --as-needed -lgcc_s --pop-state -lc -lgcc --push-state --as-needed -lgcc_s --pop-state /usr/lib64/gcc/x86_64-suse-linux/11/crtend.o /usr/lib64/gcc/x86_64-suse-linux/11/../../../../lib64/crtn.o]
    arg [/usr/lib64/gcc/x86_64-suse-linux/11/collect2] ==> ignore
    arg [-plugin] ==> ignore
    arg [/usr/lib64/gcc/x86_64-suse-linux/11/liblto_plugin.so] ==> ignore
    arg [-plugin-opt=/usr/lib64/gcc/x86_64-suse-linux/11/lto-wrapper] ==> ignore
    arg [-plugin-opt=-fresolution=/tmp/ccrKV437.res] ==> ignore
    arg [-plugin-opt=-pass-through=-lgcc] ==> ignore
    arg [-plugin-opt=-pass-through=-lgcc_s] ==> ignore
    arg [-plugin-opt=-pass-through=-lc] ==> ignore
    arg [-plugin-opt=-pass-through=-lgcc] ==> ignore
    arg [-plugin-opt=-pass-through=-lgcc_s] ==> ignore
    arg [--build-id] ==> ignore
    arg [--eh-frame-hdr] ==> ignore
    arg [-m] ==> ignore
    arg [elf_x86_64] ==> ignore
    arg [-export-dynamic] ==> ignore
    arg [-dynamic-linker] ==> ignore
    arg [/lib64/ld-linux-x86-64.so.2] ==> ignore
    arg [-o] ==> ignore
    arg [cmTC_e72a4] ==> ignore
    arg [/usr/lib64/gcc/x86_64-suse-linux/11/../../../../lib64/crt1.o] ==> obj [/usr/lib64/gcc/x86_64-suse-linux/11/../../../../lib64/crt1.o]
    arg [/usr/lib64/gcc/x86_64-suse-linux/11/../../../../lib64/crti.o] ==> obj [/usr/lib64/gcc/x86_64-suse-linux/11/../../../../lib64/crti.o]
    arg [/usr/lib64/gcc/x86_64-suse-linux/11/crtbegin.o] ==> obj [/usr/lib64/gcc/x86_64-suse-linux/11/crtbegin.o]
    arg [-L/usr/lib64/gcc/x86_64-suse-linux/11] ==> dir [/usr/lib64/gcc/x86_64-suse-linux/11]
    arg [-L/usr/lib64/gcc/x86_64-suse-linux/11/../../../../lib64] ==> dir [/usr/lib64/gcc/x86_64-suse-linux/11/../../../../lib64]
    arg [-L/lib/../lib64] ==> dir [/lib/../lib64]
    arg [-L/usr/lib/../lib64] ==> dir [/usr/lib/../lib64]
    arg [-L/usr/lib64/gcc/x86_64-suse-linux/11/../../../../x86_64-suse-linux/lib] ==> dir [/usr/lib64/gcc/x86_64-suse-linux/11/../../../../x86_64-suse-linux/lib]
    arg [-L/usr/lib64/gcc/x86_64-suse-linux/11/../../..] ==> dir [/usr/lib64/gcc/x86_64-suse-linux/11/../../..]
    arg [CMakeFiles/cmTC_e72a4.dir/CMakeCCompilerABI.c.o] ==> ignore
    arg [-lgcc] ==> lib [gcc]
    arg [--push-state] ==> ignore
    arg [--as-needed] ==> ignore
    arg [-lgcc_s] ==> lib [gcc_s]
    arg [--pop-state] ==> ignore
    arg [-lc] ==> lib [c]
    arg [-lgcc] ==> lib [gcc]
    arg [--push-state] ==> ignore
    arg [--as-needed] ==> ignore
    arg [-lgcc_s] ==> lib [gcc_s]
    arg [--pop-state] ==> ignore
    arg [/usr/lib64/gcc/x86_64-suse-linux/11/crtend.o] ==> obj [/usr/lib64/gcc/x86_64-suse-linux/11/crtend.o]
    arg [/usr/lib64/gcc/x86_64-suse-linux/11/../../../../lib64/crtn.o] ==> obj [/usr/lib64/gcc/x86_64-suse-linux/11/../../../../lib64/crtn.o]
  collapse obj [/usr/lib64/gcc/x86_64-suse-linux/11/../../../../lib64/crt1.o] ==> [/usr/lib64/crt1.o]
  collapse obj [/usr/lib64/gcc/x86_64-suse-linux/11/../../../../lib64/crti.o] ==> [/usr/lib64/crti.o]
  collapse obj [/usr/lib64/gcc/x86_64-suse-linux/11/../../../../lib64/crtn.o] ==> [/usr/lib64/crtn.o]
  collapse library dir [/usr/lib64/gcc/x86_64-suse-linux/11] ==> [/usr/lib64/gcc/x86_64-suse-linux/11]
  collapse library dir [/usr/lib64/gcc/x86_64-suse-linux/11/../../../../lib64] ==> [/usr/lib64]
  collapse library dir [/lib/../lib64] ==> [/lib64]
  collapse library dir [/usr/lib/../lib64] ==> [/usr/lib64]
  collapse library dir [/usr/lib64/gcc/x86_64-suse-linux/11/../../../../x86_64-suse-linux/lib] ==> [/usr/x86_64-suse-linux/lib]
  collapse library dir [/usr/lib64/gcc/x86_64-suse-linux/11/../../..] ==> [/usr/lib64]
  implicit libs: [gcc;gcc_s;c;gcc;gcc_s]
  implicit objs: [/usr/lib64/crt1.o;/usr/lib64/crti.o;/usr/lib64/gcc/x86_64-suse-linux/11/crtbegin.o;/usr/lib64/gcc/x86_64-suse-linux/11/crtend.o;/usr/lib64/crtn.o]
  implicit dirs: [/usr/lib64/gcc/x86_64-suse-linux/11;/usr/lib64;/lib64;/usr/x86_64-suse-linux/lib]
  implicit fwks: []


Detecting CXX compiler ABI info compiled with the following output:
Change Dir: /home/theam/development/projects/cpp/callstack/build/CMakeFiles/CMakeTmp

Run Build Command(s):/usr/bin/gmake -f Makefile cmTC_3eba2/fast && /usr/bin/gmake  -f CMakeFiles/cmTC_3eba2.dir/build.make CMakeFiles/cmTC_3eba2.dir/build
gmake[1]: Entering directory '/home/theam/development/projects/cpp/callstack/build/CMakeFiles/CMakeTmp'
Building CXX object CMakeFiles/cmTC_3eba2.dir/CMakeCXXCompilerABI.cpp.o
/bin/clang-13.0.1   -v -MD -MT CMakeFiles/cmTC_3eba2.dir/CMakeCXXCompilerABI.cpp.o -MF CMakeFiles/cmTC_3eba2.dir/CMakeCXXCompilerABI.cpp.o.d -o CMakeFiles/cmTC_3eba2.dir/CMakeCXXCompilerABI.cpp.o -c /usr/share/cmake/Modules/CMakeCXXCompilerABI.cpp
clang version 13.0.1
Target: x86_64-suse-linux-gnu
Thread model: posix
InstalledDir: /bin
Found candidate GCC installation: /bin/../lib64/gcc/x86_64-suse-linux/11
Found candidate GCC installation: /bin/../lib64/gcc/x86_64-suse-linux/12
Selected GCC installation: /bin/../lib64/gcc/x86_64-suse-linux/12
Candidate multilib: .;@m64
Selected multilib: .;@m64
 (in-process)
 "/usr/bin/clang-13.0.1" -cc1 -triple x86_64-suse-linux-gnu -emit-obj -mrelax-all --mrelax-relocations -disable-free -disable-llvm-verifier -discard-value-names -main-file-name CMakeCXXCompilerABI.cpp -mrelocation-model static -mframe-pointer=all -fmath-errno -fno-rounding-math -mconstructor-aliases -munwind-tables -target-cpu x86-64 -tune-cpu generic -debugger-tuning=gdb -v -fcoverage-compilation-dir=/home/theam/development/projects/cpp/callstack/build/CMakeFiles/CMakeTmp -resource-dir /usr/lib64/clang/13.0.1 -dependency-file CMakeFiles/cmTC_3eba2.dir/CMakeCXXCompilerABI.cpp.o.d -MT CMakeFiles/cmTC_3eba2.dir/CMakeCXXCompilerABI.cpp.o -sys-header-deps -internal-isystem /bin/../lib64/gcc/x86_64-suse-linux/12/../../../../include/c++/12 -internal-isystem /bin/../lib64/gcc/x86_64-suse-linux/12/../../../../include/c++/12/x86_64-suse-linux -internal-isystem /bin/../lib64/gcc/x86_64-suse-linux/12/../../../../include/c++/12/backward -internal-isystem /usr/lib64/clang/13.0.1/include -internal-isystem /usr/local/include -internal-isystem /bin/../lib64/gcc/x86_64-suse-linux/12/../../../../x86_64-suse-linux/include -internal-externc-isystem /include -internal-externc-isystem /usr/include -fdeprecated-macro -fdebug-compilation-dir=/home/theam/development/projects/cpp/callstack/build/CMakeFiles/CMakeTmp -ferror-limit 19 -fgnuc-version=4.2.1 -fcxx-exceptions -fexceptions -faddrsig -D__GCC_HAVE_DWARF2_CFI_ASM=1 -o CMakeFiles/cmTC_3eba2.dir/CMakeCXXCompilerABI.cpp.o -x c++ /usr/share/cmake/Modules/CMakeCXXCompilerABI.cpp
clang -cc1 version 13.0.1 based upon LLVM 13.0.1 default target x86_64-suse-linux-gnu
ignoring nonexistent directory "/include"
#include "..." search starts here:
#include <...> search starts here:
 /bin/../lib64/gcc/x86_64-suse-linux/12/../../../../include/c++/12
 /bin/../lib64/gcc/x86_64-suse-linux/12/../../../../include/c++/12/x86_64-suse-linux
 /bin/../lib64/gcc/x86_64-suse-linux/12/../../../../include/c++/12/backward
 /usr/lib64/clang/13.0.1/include
 /usr/local/include
 /bin/../lib64/gcc/x86_64-suse-linux/12/../../../../x86_64-suse-linux/include
 /usr/include
End of search list.
Linking CXX executable cmTC_3eba2
/usr/bin/cmake -E cmake_link_script CMakeFiles/cmTC_3eba2.dir/link.txt --verbose=1
/bin/clang-13.0.1  -v -rdynamic CMakeFiles/cmTC_3eba2.dir/CMakeCXXCompilerABI.cpp.o -o cmTC_3eba2 
clang version 13.0.1
Target: x86_64-suse-linux-gnu
Thread model: posix
InstalledDir: /bin
Found candidate GCC installation: /bin/../lib64/gcc/x86_64-suse-linux/11
Found candidate GCC installation: /bin/../lib64/gcc/x86_64-suse-linux/12
Selected GCC installation: /bin/../lib64/gcc/x86_64-suse-linux/12
Candidate multilib: .;@m64
Selected multilib: .;@m64
 "/bin/ld" -export-dynamic -z relro --hash-style=gnu --hash-style=both --build-id --enable-new-dtags --eh-frame-hdr -m elf_x86_64 -export-dynamic -dynamic-linker /lib64/ld-linux-x86-64.so.2 -o cmTC_3eba2 /bin/../lib64/gcc/x86_64-suse-linux/12/../../../../lib64/crt1.o /bin/../lib64/gcc/x86_64-suse-linux/12/../../../../lib64/crti.o /bin/../lib64/gcc/x86_64-suse-linux/12/crtbegin.o -L/bin/../lib64/gcc/x86_64-suse-linux/12 -L/bin/../lib64/gcc/x86_64-suse-linux/12/../../../../lib64 -L/lib/../lib64 -L/usr/lib/../lib64 -L/bin/../lib64/gcc/x86_64-suse-linux/12/../../../../x86_64-suse-linux/lib -L/usr/bin/../lib -L/lib -L/usr/lib CMakeFiles/cmTC_3eba2.dir/CMakeCXXCompilerABI.cpp.o -lgcc --as-needed -lgcc_s --no-as-needed -lc -lgcc --as-needed -lgcc_s --no-as-needed /bin/../lib64/gcc/x86_64-suse-linux/12/crtend.o /bin/../lib64/gcc/x86_64-suse-linux/12/../../../../lib64/crtn.o
gmake[1]: Leaving directory '/home/theam/development/projects/cpp/callstack/build/CMakeFiles/CMakeTmp'



Parsed CXX implicit include dir info from above output: rv=done
  found start of include info
  found start of implicit include info
    add: [/bin/../lib64/gcc/x86_64-suse-linux/12/../../../../include/c++/12]
    add: [/bin/../lib64/gcc/x86_64-suse-linux/12/../../../../include/c++/12/x86_64-suse-linux]
    add: [/bin/../lib64/gcc/x86_64-suse-linux/12/../../../../include/c++/12/backward]
    add: [/usr/lib64/clang/13.0.1/include]
    add: [/usr/local/include]
    add: [/bin/../lib64/gcc/x86_64-suse-linux/12/../../../../x86_64-suse-linux/include]
    add: [/usr/include]
  end of search list found
  collapse include dir [/bin/../lib64/gcc/x86_64-suse-linux/12/../../../../include/c++/12] ==> [/include/c++/12]
  collapse include dir [/bin/../lib64/gcc/x86_64-suse-linux/12/../../../../include/c++/12/x86_64-suse-linux] ==> [/include/c++/12/x86_64-suse-linux]
  collapse include dir [/bin/../lib64/gcc/x86_64-suse-linux/12/../../../../include/c++/12/backward] ==> [/include/c++/12/backward]
  collapse include dir [/usr/lib64/clang/13.0.1/include] ==> [/usr/lib64/clang/13.0.1/include]
  collapse include dir [/usr/local/include] ==> [/usr/local/include]
  collapse include dir [/bin/../lib64/gcc/x86_64-suse-linux/12/../../../../x86_64-suse-linux/include] ==> [/x86_64-suse-linux/include]
  collapse include dir [/usr/include] ==> [/usr/include]
  implicit include dirs: [/include/c++/12;/include/c++/12/x86_64-suse-linux;/include/c++/12/backward;/usr/lib64/clang/13.0.1/include;/usr/local/include;/x86_64-suse-linux/include;/usr/include]


Parsed CXX implicit link information from above output:
  link line regex: [^( *|.*[/\])(ld|CMAKE_LINK_STARTFILE-NOTFOUND|([^/\]+-)?ld|collect2)[^/\]*( |$)]
  ignore line: [Change Dir: /home/theam/development/projects/cpp/callstack/build/CMakeFiles/CMakeTmp]
  ignore line: []
  ignore line: [Run Build Command(s):/usr/bin/gmake -f Makefile cmTC_3eba2/fast && /usr/bin/gmake  -f CMakeFiles/cmTC_3eba2.dir/build.make CMakeFiles/cmTC_3eba2.dir/build]
  ignore line: [gmake[1]: Entering directory '/home/theam/development/projects/cpp/callstack/build/CMakeFiles/CMakeTmp']
  ignore line: [Building CXX object CMakeFiles/cmTC_3eba2.dir/CMakeCXXCompilerABI.cpp.o]
  ignore line: [/bin/clang-13.0.1   -v -MD -MT CMakeFiles/cmTC_3eba2.dir/CMakeCXXCompilerABI.cpp.o -MF CMakeFiles/cmTC_3eba2.dir/CMakeCXXCompilerABI.cpp.o.d -o CMakeFiles/cmTC_3eba2.dir/CMakeCXXCompilerABI.cpp.o -c /usr/share/cmake/Modules/CMakeCXXCompilerABI.cpp]
  ignore line: [clang version 13.0.1]
  ignore line: [Target: x86_64-suse-linux-gnu]
  ignore line: [Thread model: posix]
  ignore line: [InstalledDir: /bin]
  ignore line: [Found candidate GCC installation: /bin/../lib64/gcc/x86_64-suse-linux/11]
  ignore line: [Found candidate GCC installation: /bin/../lib64/gcc/x86_64-suse-linux/12]
  ignore line: [Selected GCC installation: /bin/../lib64/gcc/x86_64-suse-linux/12]
  ignore line: [Candidate multilib: .]
  ignore line: [@m64]
  ignore line: [Selected multilib: .]
  ignore line: [@m64]
  ignore line: [ (in-process)]
  ignore line: [ "/usr/bin/clang-13.0.1" -cc1 -triple x86_64-suse-linux-gnu -emit-obj -mrelax-all --mrelax-relocations -disable-free -disable-llvm-verifier -discard-value-names -main-file-name CMakeCXXCompilerABI.cpp -mrelocation-model static -mframe-pointer=all -fmath-errno -fno-rounding-math -mconstructor-aliases -munwind-tables -target-cpu x86-64 -tune-cpu generic -debugger-tuning=gdb -v -fcoverage-compilation-dir=/home/theam/development/projects/cpp/callstack/build/CMakeFiles/CMakeTmp -resource-dir /usr/lib64/clang/13.0.1 -dependency-file CMakeFiles/cmTC_3eba2.dir/CMakeCXXCompilerABI.cpp.o.d -MT CMakeFiles/cmTC_3eba2.dir/CMakeCXXCompilerABI.cpp.o -sys-header-deps -internal-isystem /bin/../lib64/gcc/x86_64-suse-linux/12/../../../../include/c++/12 -internal-isystem /bin/../lib64/gcc/x86_64-suse-linux/12/../../../../include/c++/12/x86_64-suse-linux -internal-isystem /bin/../lib64/gcc/x86_64-suse-linux/12/../../../../include/c++/12/backward -internal-isystem /usr/lib64/clang/13.0.1/include -internal-isystem /usr/local/include -internal-isystem /bin/../lib64/gcc/x86_64-suse-linux/12/../../../../x86_64-suse-linux/include -internal-externc-isystem /include -internal-externc-isystem /usr/include -fdeprecated-macro -fdebug-compilation-dir=/home/theam/development/projects/cpp/callstack/build/CMakeFiles/CMakeTmp -ferror-limit 19 -fgnuc-version=4.2.1 -fcxx-exceptions -fexceptions -faddrsig -D__GCC_HAVE_DWARF2_CFI_ASM=1 -o CMakeFiles/cmTC_3eba2.dir/CMakeCXXCompilerABI.cpp.o -x c++ /usr/share/cmake/Modules/CMakeCXXCompilerABI.cpp]
  ignore line: [clang -cc1 version 13.0.1 based upon LLVM 13.0.1 default target x86_64-suse-linux-gnu]
  ignore line: [ignoring nonexistent directory "/include"]
  ignore line: [#include "..." search starts here:]
  ignore line: [#include <...> search starts here:]
  ignore line: [ /bin/../lib64/gcc/x86_64-suse-linux/12/../../../../include/c++/12]
  ignore line: [ /bin/../lib64/gcc/x86_64-suse-linux/12/../../../../include/c++/12/x86_64-suse-linux]
  ignore line: [ /bin/../lib64/gcc/x86_64-suse-linux/12/../../../../include/c++/12/backward]
  ignore line: [ /usr/lib64/clang/13.0.1/include]
  ignore line: [ /usr/local/include]
  ignore line: [ /bin/../lib64/gcc/x86_64-suse-linux/12/../../../../x86_64-suse-linux/include]
  ignore line: [ /usr/include]
  ignore line: [End of search list.]
  ignore line: [Linking CXX executable cmTC_3eba2]
  ignore line: [/usr/bin/cmake -E cmake_link_script CMakeFiles/cmTC_3eba2.dir/link.txt --verbose=1]
  ignore line: [/bin/clang-13.0.1  -v -rdynamic CMakeFiles/cmTC_3eba2.dir/CMakeCXXCompilerABI.cpp.o -o cmTC_3eba2 ]
  ignore line: [clang version 13.0.1]
  ignore line: [Target: x86_64-suse-linux-gnu]
  ignore line: [Thread model: posix]
  ignore line: [InstalledDir: /bin]
  ignore line: [Found candidate GCC installation: /bin/../lib64/gcc/x86_64-suse-linux/11]
  ignore line: [Found candidate GCC installation: /bin/../lib64/gcc/x86_64-suse-linux/12]
  ignore line: [Selected GCC installation: /bin/../lib64/gcc/x86_64-suse-linux/12]
  ignore line: [Candidate multilib: .]
  ignore line: [@m64]
  ignore line: [Selected multilib: .]
  ignore line: [@m64]
  link line: [ "/bin/ld" -export-dynamic -z relro --hash-style=gnu --hash-style=both --build-id --enable-new-dtags --eh-frame-hdr -m elf_x86_64 -export-dynamic -dynamic-linker /lib64/ld-linux-x86-64.so.2 -o cmTC_3eba2 /bin/../lib64/gcc/x86_64-suse-linux/12/../../../../lib64/crt1.o /bin/../lib64/gcc/x86_64-suse-linux/12/../../../../lib64/crti.o /bin/../lib64/gcc/x86_64-suse-linux/12/crtbegin.o -L/bin/../lib64/gcc/x86_64-suse-linux/12 -L/bin/../lib64/gcc/x86_64-suse-linux/12/../../../../lib64 -L/lib/../lib64 -L/usr/lib/../lib64 -L/bin/../lib64/gcc/x86_64-suse-linux/12/../../../../x86_64-suse-linux/lib -L/usr/bin/../lib -L/lib -L/usr/lib CMakeFiles/cmTC_3eba2.dir/CMakeCXXCompilerABI.cpp.o -lgcc --as-needed -lgcc_s --no-as-needed -lc -lgcc --as-needed -lgcc_s --no-as-needed /bin/../lib64/gcc/x86_64-suse-linux/12/crtend.o /bin/../lib64/gcc/x86_64-suse-linux/12/../../../../lib64/crtn.o]
    arg [/bin/ld] ==> ignore
    arg [-export-dynamic] ==> ignore
    arg [-zrelro] ==> ignore
    arg [--hash-style=gnu] ==> ignore
    arg [--hash-style=both] ==> ignore
    arg [--build-id] ==> ignore
    arg [--enable-new-dtags] ==> ignore
    arg [--eh-frame-hdr] ==> ignore
    arg [-m] ==> ignore
    arg [elf_x86_64] ==> ignore
    arg [-export-dynamic] ==> ignore
    arg [-dynamic-linker] ==> ignore
    arg [/lib64/ld-linux-x86-64.so.2] ==> ignore
    arg [-o] ==> ignore
    arg [cmTC_3eba2] ==> ignore
    arg [/bin/../lib64/gcc/x86_64-suse-linux/12/../../../../lib64/crt1.o] ==> obj [/bin/../lib64/gcc/x86_64-suse-linux/12/../../../../lib64/crt1.o]
    arg [/bin/../lib64/gcc/x86_64-suse-linux/12/../../../../lib64/crti.o] ==> obj [/bin/../lib64/gcc/x86_64-suse-linux/12/../../../../lib64/crti.o]
    arg [/bin/../lib64/gcc/x86_64-suse-linux/12/crtbegin.o] ==> obj [/bin/../lib64/gcc/x86_64-suse-linux/12/crtbegin.o]
    arg [-L/bin/../lib64/gcc/x86_64-suse-linux/12] ==> dir [/bin/../lib64/gcc/x86_64-suse-linux/12]
    arg [-L/bin/../lib64/gcc/x86_64-suse-linux/12/../../../../lib64] ==> dir [/bin/../lib64/gcc/x86_64-suse-linux/12/../../../../lib64]
    arg [-L/lib/../lib64] ==> dir [/lib/../lib64]
    arg [-L/usr/lib/../lib64] ==> dir [/usr/lib/../lib64]
    arg [-L/bin/../lib64/gcc/x86_64-suse-linux/12/../../../../x86_64-suse-linux/lib] ==> dir [/bin/../lib64/gcc/x86_64-suse-linux/12/../../../../x86_64-suse-linux/lib]
    arg [-L/usr/bin/../lib] ==> dir [/usr/bin/../lib]
    arg [-L/lib] ==> dir [/lib]
    arg [-L/usr/lib] ==> dir [/usr/lib]
    arg [CMakeFiles/cmTC_3eba2.dir/CMakeCXXCompilerABI.cpp.o] ==> ignore
    arg [-lgcc] ==> lib [gcc]
    arg [--as-needed] ==> ignore
    arg [-lgcc_s] ==> lib [gcc_s]
    arg [--no-as-needed] ==> ignore
    arg [-lc] ==> lib [c]
    arg [-lgcc] ==> lib [gcc]
    arg [--as-needed] ==> ignore
    arg [-lgcc_s] ==> lib [gcc_s]
    arg [--no-as-needed] ==> ignore
    arg [/bin/../lib64/gcc/x86_64-suse-linux/12/crtend.o] ==> obj [/bin/../lib64/gcc/x86_64-suse-linux/12/crtend.o]
    arg [/bin/../lib64/gcc/x86_64-suse-linux/12/../../../../lib64/crtn.o] ==> obj [/bin/../lib64/gcc/x86_64-suse-linux/12/../../../../lib64/crtn.o]
  collapse obj [/bin/../lib64/gcc/x86_64-suse-linux/12/../../../../lib64/crt1.o] ==> [/lib64/crt1.o]
  collapse obj [/bin/../lib64/gcc/x86_64-suse-linux/12/../../../../lib64/crti.o] ==> [/lib64/crti.o]
  collapse obj [/bin/../lib64/gcc/x86_64-suse-linux/12/crtbegin.o] ==> [/lib64/gcc/x86_64-suse-linux/12/crtbegin.o]
  collapse obj [/bin/../lib64/gcc/x86_64-suse-linux/12/crtend.o] ==> [/lib64/gcc/x86_64-suse-linux/12/crtend.o]
  collapse obj [/bin/../lib64/gcc/x86_64-suse-linux/12/../../../../lib64/crtn.o] ==> [/lib64/crtn.o]
  collapse library dir [/bin/../lib64/gcc/x86_64-suse-linux/12] ==> [/lib64/gcc/x86_64-suse-linux/12]
  collapse library dir [/bin/../lib64/gcc/x86_64-suse-linux/12/../../../../lib64] ==> [/lib64]
  collapse library dir [/lib/../lib64] ==> [/lib64]
  collapse library dir [/usr/lib/../lib64] ==> [/usr/lib64]
  collapse library dir [/bin/../lib64/gcc/x86_64-suse-linux/12/../../../../x86_64-suse-linux/lib] ==> [/x86_64-suse-linux/lib]
  collapse library dir [/usr/bin/../lib] ==> [/usr/lib]
  collapse library dir [/lib] ==> [/lib]
  collapse library dir [/usr/lib] ==> [/usr/lib]
  implicit libs: [gcc;gcc_s;c;gcc;gcc_s]
  implicit objs: [/lib64/crt1.o;/lib64/crti.o;/lib64/gcc/x86_64-suse-linux/12/crtbegin.o;/lib64/gcc/x86_64-suse-linux/12/crtend.o;/lib64/crtn.o]
  implicit dirs: [/lib64/gcc/x86_64-suse-linux/12;/lib64;/usr/lib64;/x86_64-suse-linux/lib;/usr/lib;/lib]
  implicit fwks: []


The system is: Linux - 6.1.8-1-default - x86_64
Compiling the C compiler identification source file "CMakeCCompilerId.c" succeeded.
Compiler: /bin/x86_64-suse-linux-gcc-11 
Build flags: 
Id flags:  

The output was:
0


Compilation of the C compiler identification source "CMakeCCompilerId.c" produced "a.out"

The C compiler identification is GNU, found in "/home/theam/development/projects/cpp/callstack/build/CMakeFiles/3.25.2/CompilerIdC/a.out"

Compiling the CXX compiler identification source file "CMakeCXXCompilerId.cpp" succeeded.
Compiler: /bin/clang-13.0.1 
Build flags: 
Id flags:  

The output was:
0


Compilation of the CXX compiler identification source "CMakeCXXCompilerId.cpp" produced "a.out"

The CXX compiler identification is Clang, found in "/home/theam/development/projects/cpp/callstack/build/CMakeFiles/3.25.2/CompilerIdCXX/a.out"

Detecting C compiler ABI info compiled with the following output:
Change Dir: /home/theam/development/projects/cpp/callstack/build/CMakeFiles/CMakeScratch/TryCompile-IBv1TE

Run Build Command(s):/usr/bin/gmake -f Makefile cmTC_33476/fast && /usr/bin/gmake  -f CMakeFiles/cmTC_33476.dir/build.make CMakeFiles/cmTC_33476.dir/build
gmake[1]: Entering directory '/home/theam/development/projects/cpp/callstack/build/CMakeFiles/CMakeScratch/TryCompile-IBv1TE'
Building C object CMakeFiles/cmTC_33476.dir/CMakeCCompilerABI.c.o
/bin/x86_64-suse-linux-gcc-11   -v -o CMakeFiles/cmTC_33476.dir/CMakeCCompilerABI.c.o -c /usr/share/cmake/Modules/CMakeCCompilerABI.c
Using built-in specs.
COLLECT_GCC=/bin/x86_64-suse-linux-gcc-11
OFFLOAD_TARGET_NAMES=nvptx-none:amdgcn-amdhsa
OFFLOAD_TARGET_DEFAULT=1
Target: x86_64-suse-linux
Configured with: ../configure --prefix=/usr --infodir=/usr/share/info --mandir=/usr/share/man --libdir=/usr/lib64 --libexecdir=/usr/lib64 --enable-languages=c,c++,objc,fortran,obj-c++,ada,go,d,jit --enable-offload-targets=nvptx-none,amdgcn-amdhsa, --without-cuda-driver --enable-host-shared --enable-checking=release --disable-werror --with-gxx-include-dir=/usr/include/c++/11 --enable-ssp --disable-libssp --disable-libvtv --enable-cet=auto --disable-libcc1 --enable-plugin --with-bugurl=https://bugs.opensuse.org/ --with-pkgversion='SUSE Linux' --with-slibdir=/lib64 --with-system-zlib --enable-libstdcxx-allocator=new --disable-libstdcxx-pch --enable-libphobos --enable-version-specific-runtime-libs --with-gcc-major-version-only --enable-linker-build-id --enable-linux-futex --enable-gnu-indirect-function --program-suffix=-11 --without-system-libunwind --enable-multilib --with-arch-32=x86-64 --with-tune=generic --with-build-config=bootstrap-lto-lean --enable-link-mutex --build=x86_64-suse-linux --host=x86_64-suse-linux
Thread model: posix
Supported LTO compression algorithms: zlib zstd
gcc version 11.3.1 20221024 [revision bd0c76a2329e7fe6d6612c2259647bbb67f5866a] (SUSE Linux) 
COLLECT_GCC_OPTIONS='-v' '-o' 'CMakeFiles/cmTC_33476.dir/CMakeCCompilerABI.c.o' '-c' '-mtune=generic' '-march=x86-64' '-dumpdir' 'CMakeFiles/cmTC_33476.dir/'
 /usr/lib64/gcc/x86_64-suse-linux/11/cc1 -quiet -v /usr/share/cmake/Modules/CMakeCCompilerABI.c -quiet -dumpdir CMakeFiles/cmTC_33476.dir/ -dumpbase CMakeCCompilerABI.c.c -dumpbase-ext .c -mtune=generic -march=x86-64 -version -o /tmp/ccDehXkD.s
GNU C17 (SUSE Linux) version 11.3.1 20221024 [revision bd0c76a2329e7fe6d6612c2259647bbb67f5866a] (x86_64-suse-linux)
	compiled by GNU C version 11.3.1 20221024 [revision bd0c76a2329e7fe6d6612c2259647bbb67f5866a], GMP version 6.2.1, MPFR version 4.1.1-p1, MPC version 1.3.1, isl version isl-0.25-GMP

GGC heuristics: --param ggc-min-expand=100 --param ggc-min-heapsize=131072
#include "..." search starts here:
#include <...> search starts here:
 /usr/lib64/gcc/x86_64-suse-linux/11/include
 /usr/local/include
 /usr/lib64/gcc/x86_64-suse-linux/11/include-fixed
 /usr/lib64/gcc/x86_64-suse-linux/11/../../../../x86_64-suse-linux/include
 /usr/include
End of search list.
GNU C17 (SUSE Linux) version 11.3.1 20221024 [revision bd0c76a2329e7fe6d6612c2259647bbb67f5866a] (x86_64-suse-linux)
	compiled by GNU C version 11.3.1 20221024 [revision bd0c76a2329e7fe6d6612c2259647bbb67f5866a], GMP version 6.2.1, MPFR version 4.1.1-p1, MPC version 1.3.1, isl version isl-0.25-GMP

GGC heuristics: --param ggc-min-expand=100 --param ggc-min-heapsize=131072
Compiler executable checksum: 00000000000000000000000000000000
COLLECT_GCC_OPTIONS='-v' '-o' 'CMakeFiles/cmTC_33476.dir/CMakeCCompilerABI.c.o' '-c' '-mtune=generic' '-march=x86-64' '-dumpdir' 'CMakeFiles/cmTC_33476.dir/'
 /usr/lib64/gcc/x86_64-suse-linux/11/../../../../x86_64-suse-linux/bin/as -v --64 -o CMakeFiles/cmTC_33476.dir/CMakeCCompilerABI.c.o /tmp/ccDehXkD.s
GNU assembler version 2.39.0 (x86_64-suse-linux) using BFD version (GNU Binutils; openSUSE Tumbleweed) 2.39.0.20220810-3
COMPILER_PATH=/usr/lib64/gcc/x86_64-suse-linux/11/:/usr/lib64/gcc/x86_64-suse-linux/11/:/usr/lib64/gcc/x86_64-suse-linux/:/usr/lib64/gcc/x86_64-suse-linux/11/:/usr/lib64/gcc/x86_64-suse-linux/:/usr/lib64/gcc/x86_64-suse-linux/11/../../../../x86_64-suse-linux/bin/
LIBRARY_PATH=/usr/lib64/gcc/x86_64-suse-linux/11/:/usr/lib64/gcc/x86_64-suse-linux/11/../../../../lib64/:/lib/../lib64/:/usr/lib/../lib64/:/usr/lib64/gcc/x86_64-suse-linux/11/../../../../x86_64-suse-linux/lib/:/usr/lib64/gcc/x86_64-suse-linux/11/../../../:/lib/:/usr/lib/
COLLECT_GCC_OPTIONS='-v' '-o' 'CMakeFiles/cmTC_33476.dir/CMakeCCompilerABI.c.o' '-c' '-mtune=generic' '-march=x86-64' '-dumpdir' 'CMakeFiles/cmTC_33476.dir/CMakeCCompilerABI.c.'
Linking C executable cmTC_33476
/usr/bin/cmake -E cmake_link_script CMakeFiles/cmTC_33476.dir/link.txt --verbose=1
/bin/x86_64-suse-linux-gcc-11  -v -rdynamic CMakeFiles/cmTC_33476.dir/CMakeCCompilerABI.c.o -o cmTC_33476 
Using built-in specs.
COLLECT_GCC=/bin/x86_64-suse-linux-gcc-11
COLLECT_LTO_WRAPPER=/usr/lib64/gcc/x86_64-suse-linux/11/lto-wrapper
OFFLOAD_TARGET_NAMES=nvptx-none:amdgcn-amdhsa
OFFLOAD_TARGET_DEFAULT=1
Target: x86_64-suse-linux
Configured with: ../configure --prefix=/usr --infodir=/usr/share/info --mandir=/usr/share/man --libdir=/usr/lib64 --libexecdir=/usr/lib64 --enable-languages=c,c++,objc,fortran,obj-c++,ada,go,d,jit --enable-offload-targets=nvptx-none,amdgcn-amdhsa, --without-cuda-driver --enable-host-shared --enable-checking=release --disable-werror --with-gxx-include-dir=/usr/include/c++/11 --enable-ssp --disable-libssp --disable-libvtv --enable-cet=auto --disable-libcc1 --enable-plugin --with-bugurl=https://bugs.opensuse.org/ --with-pkgversion='SUSE Linux' --with-slibdir=/lib64 --with-system-zlib --enable-libstdcxx-allocator=new --disable-libstdcxx-pch --enable-libphobos --enable-version-specific-runtime-libs --with-gcc-major-version-only --enable-linker-build-id --enable-linux-futex --enable-gnu-indirect-function --program-suffix=-11 --without-system-libunwind --enable-multilib --with-arch-32=x86-64 --with-tune=generic --with-build-config=bootstrap-lto-lean --enable-link-mutex --build=x86_64-suse-linux --host=x86_64-suse-linux
Thread model: posix
Supported LTO compression algorithms: zlib zstd
gcc version 11.3.1 20221024 [revision bd0c76a2329e7fe6d6612c2259647bbb67f5866a] (SUSE Linux) 
COMPILER_PATH=/usr/lib64/gcc/x86_64-suse-linux/11/:/usr/lib64/gcc/x86_64-suse-linux/11/:/usr/lib64/gcc/x86_64-suse-linux/:/usr/lib64/gcc/x86_64-suse-linux/11/:/usr/lib64/gcc/x86_64-suse-linux/:/usr/lib64/gcc/x86_64-suse-linux/11/../../../../x86_64-suse-linux/bin/
LIBRARY_PATH=/usr/lib64/gcc/x86_64-suse-linux/11/:/usr/lib64/gcc/x86_64-suse-linux/11/../../../../lib64/:/lib/../lib64/:/usr/lib/../lib64/:/usr/lib64/gcc/x86_64-suse-linux/11/../../../../x86_64-suse-linux/lib/:/usr/lib64/gcc/x86_64-suse-linux/11/../../../:/lib/:/usr/lib/
COLLECT_GCC_OPTIONS='-v' '-rdynamic' '-o' 'cmTC_33476' '-mtune=generic' '-march=x86-64' '-dumpdir' 'cmTC_33476.'
 /usr/lib64/gcc/x86_64-suse-linux/11/collect2 -plugin /usr/lib64/gcc/x86_64-suse-linux/11/liblto_plugin.so -plugin-opt=/usr/lib64/gcc/x86_64-suse-linux/11/lto-wrapper -plugin-opt=-fresolution=/tmp/ccUBFD1a.res -plugin-opt=-pass-through=-lgcc -plugin-opt=-pass-through=-lgcc_s -plugin-opt=-pass-through=-lc -plugin-opt=-pass-through=-lgcc -plugin-opt=-pass-through=-lgcc_s --build-id --eh-frame-hdr -m elf_x86_64 -export-dynamic -dynamic-linker /lib64/ld-linux-x86-64.so.2 -o cmTC_33476 /usr/lib64/gcc/x86_64-suse-linux/11/../../../../lib64/crt1.o /usr/lib64/gcc/x86_64-suse-linux/11/../../../../lib64/crti.o /usr/lib64/gcc/x86_64-suse-linux/11/crtbegin.o -L/usr/lib64/gcc/x86_64-suse-linux/11 -L/usr/lib64/gcc/x86_64-suse-linux/11/../../../../lib64 -L/lib/../lib64 -L/usr/lib/../lib64 -L/usr/lib64/gcc/x86_64-suse-linux/11/../../../../x86_64-suse-linux/lib -L/usr/lib64/gcc/x86_64-suse-linux/11/../../.. CMakeFiles/cmTC_33476.dir/CMakeCCompilerABI.c.o -lgcc --push-state --as-needed -lgcc_s --pop-state -lc -lgcc --push-state --as-needed -lgcc_s --pop-state /usr/lib64/gcc/x86_64-suse-linux/11/crtend.o /usr/lib64/gcc/x86_64-suse-linux/11/../../../../lib64/crtn.o
COLLECT_GCC_OPTIONS='-v' '-rdynamic' '-o' 'cmTC_33476' '-mtune=generic' '-march=x86-64' '-dumpdir' 'cmTC_33476.'
gmake[1]: Leaving directory '/home/theam/development/projects/cpp/callstack/build/CMakeFiles/CMakeScratch/TryCompile-IBv1TE'



Parsed C implicit include dir info from above output: rv=done
  found start of include info
  found start of implicit include info
    add: [/usr/lib64/gcc/x86_64-suse-linux/11/include]
    add: [/usr/local/include]
    add: [/usr/lib64/gcc/x86_64-suse-linux/11/include-fixed]
    add: [/usr/lib64/gcc/x86_64-suse-linux/11/../../../../x86_64-suse-linux/include]
    add: [/usr/include]
  end of search list found
  collapse include dir [/usr/lib64/gcc/x86_64-suse-linux/11/include] ==> [/usr/lib64/gcc/x86_64-suse-linux/11/include]
  collapse include dir [/usr/local/include] ==> [/usr/local/include]
  collapse include dir [/usr/lib64/gcc/x86_64-suse-linux/11/include-fixed] ==> [/usr/lib64/gcc/x86_64-suse-linux/11/include-fixed]
  collapse include dir [/usr/lib64/gcc/x86_64-suse-linux/11/../../../../x86_64-suse-linux/include] ==> [/usr/x86_64-suse-linux/include]
  collapse include dir [/usr/include] ==> [/usr/include]
  implicit include dirs: [/usr/lib64/gcc/x86_64-suse-linux/11/include;/usr/local/include;/usr/lib64/gcc/x86_64-suse-linux/11/include-fixed;/usr/x86_64-suse-linux/include;/usr/include]


Parsed C implicit link information from above output:
  link line regex: [^( *|.*[/\])(ld|CMAKE_LINK_STARTFILE-NOTFOUND|([^/\]+-)?ld|collect2)[^/\]*( |$)]
  ignore line: [Change Dir: /home/theam/development/projects/cpp/callstack/build/CMakeFiles/CMakeScratch/TryCompile-IBv1TE]
  ignore line: []
  ignore line: [Run Build Command(s):/usr/bin/gmake -f Makefile cmTC_33476/fast && /usr/bin/gmake  -f CMakeFiles/cmTC_33476.dir/build.make CMakeFiles/cmTC_33476.dir/build]
  ignore line: [gmake[1]: Entering directory '/home/theam/development/projects/cpp/callstack/build/CMakeFiles/CMakeScratch/TryCompile-IBv1TE']
  ignore line: [Building C object CMakeFiles/cmTC_33476.dir/CMakeCCompilerABI.c.o]
  ignore line: [/bin/x86_64-suse-linux-gcc-11   -v -o CMakeFiles/cmTC_33476.dir/CMakeCCompilerABI.c.o -c /usr/share/cmake/Modules/CMakeCCompilerABI.c]
  ignore line: [Using built-in specs.]
  ignore line: [COLLECT_GCC=/bin/x86_64-suse-linux-gcc-11]
  ignore line: [OFFLOAD_TARGET_NAMES=nvptx-none:amdgcn-amdhsa]
  ignore line: [OFFLOAD_TARGET_DEFAULT=1]
  ignore line: [Target: x86_64-suse-linux]
  ignore line: [Configured with: ../configure --prefix=/usr --infodir=/usr/share/info --mandir=/usr/share/man --libdir=/usr/lib64 --libexecdir=/usr/lib64 --enable-languages=c c++ objc fortran obj-c++ ada go d jit --enable-offload-targets=nvptx-none amdgcn-amdhsa  --without-cuda-driver --enable-host-shared --enable-checking=release --disable-werror --with-gxx-include-dir=/usr/include/c++/11 --enable-ssp --disable-libssp --disable-libvtv --enable-cet=auto --disable-libcc1 --enable-plugin --with-bugurl=https://bugs.opensuse.org/ --with-pkgversion='SUSE Linux' --with-slibdir=/lib64 --with-system-zlib --enable-libstdcxx-allocator=new --disable-libstdcxx-pch --enable-libphobos --enable-version-specific-runtime-libs --with-gcc-major-version-only --enable-linker-build-id --enable-linux-futex --enable-gnu-indirect-function --program-suffix=-11 --without-system-libunwind --enable-multilib --with-arch-32=x86-64 --with-tune=generic --with-build-config=bootstrap-lto-lean --enable-link-mutex --build=x86_64-suse-linux --host=x86_64-suse-linux]
  ignore line: [Thread model: posix]
  ignore line: [Supported LTO compression algorithms: zlib zstd]
  ignore line: [gcc version 11.3.1 20221024 [revision bd0c76a2329e7fe6d6612c2259647bbb67f5866a] (SUSE Linux) ]
  ignore line: [COLLECT_GCC_OPTIONS='-v' '-o' 'CMakeFiles/cmTC_33476.dir/CMakeCCompilerABI.c.o' '-c' '-mtune=generic' '-march=x86-64' '-dumpdir' 'CMakeFiles/cmTC_33476.dir/']
  ignore line: [ /usr/lib64/gcc/x86_64-suse-linux/11/cc1 -quiet -v /usr/share/cmake/Modules/CMakeCCompilerABI.c -quiet -dumpdir CMakeFiles/cmTC_33476.dir/ -dumpbase CMakeCCompilerABI.c.c -dumpbase-ext .c -mtune=generic -march=x86-64 -version -o /tmp/ccDehXkD.s]
  ignore line: [GNU C17 (SUSE Linux) version 11.3.1 20221024 [revision bd0c76a2329e7fe6d6612c2259647bbb67f5866a] (x86_64-suse-linux)]
  ignore line: [	compiled by GNU C version 11.3.1 20221024 [revision bd0c76a2329e7fe6d6612c2259647bbb67f5866a]  GMP version 6.2.1  MPFR version 4.1.1-p1  MPC version 1.3.1  isl version isl-0.25-GMP]
  ignore line: []
  ignore line: [GGC heuristics: --param ggc-min-expand=100 --param ggc-min-heapsize=131072]
  ignore line: [#include "..." search starts here:]
  ignore line: [#include <...> search starts here:]
  ignore line: [ /usr/lib64/gcc/x86_64-suse-linux/11/include]
  ignore line: [ /usr/local/include]
  ignore line: [ /usr/lib64/gcc/x86_64-suse-linux/11/include-fixed]
  ignore line: [ /usr/lib64/gcc/x86_64-suse-linux/11/../../../../x86_64-suse-linux/include]
  ignore line: [ /usr/include]
  ignore line: [End of search list.]
  ignore line: [GNU C17 (SUSE Linux) version 11.3.1 20221024 [revision bd0c76a2329e7fe6d6612c2259647bbb67f5866a] (x86_64-suse-linux)]
  ignore line: [	compiled by GNU C version 11.3.1 20221024 [revision bd0c76a2329e7fe6d6612c2259647bbb67f5866a]  GMP version 6.2.1  MPFR version 4.1.1-p1  MPC version 1.3.1  isl version isl-0.25-GMP]
  ignore line: []
  ignore line: [GGC heuristics: --param ggc-min-expand=100 --param ggc-min-heapsize=131072]
  ignore line: [Compiler executable checksum: 00000000000000000000000000000000]
  ignore line: [COLLECT_GCC_OPTIONS='-v' '-o' 'CMakeFiles/cmTC_33476.dir/CMakeCCompilerABI.c.o' '-c' '-mtune=generic' '-march=x86-64' '-dumpdir' 'CMakeFiles/cmTC_33476.dir/']
  ignore line: [ /usr/lib64/gcc/x86_64-suse-linux/11/../../../../x86_64-suse-linux/bin/as -v --64 -o CMakeFiles/cmTC_33476.dir/CMakeCCompilerABI.c.o /tmp/ccDehXkD.s]
  ignore line: [GNU assembler version 2.39.0 (x86_64-suse-linux) using BFD version (GNU Binutils]
  ignore line: [ openSUSE Tumbleweed) 2.39.0.20220810-3]
  ignore line: [COMPILER_PATH=/usr/lib64/gcc/x86_64-suse-linux/11/:/usr/lib64/gcc/x86_64-suse-linux/11/:/usr/lib64/gcc/x86_64-suse-linux/:/usr/lib64/gcc/x86_64-suse-linux/11/:/usr/lib64/gcc/x86_64-suse-linux/:/usr/lib64/gcc/x86_64-suse-linux/11/../../../../x86_64-suse-linux/bin/]
  ignore line: [LIBRARY_PATH=/usr/lib64/gcc/x86_64-suse-linux/11/:/usr/lib64/gcc/x86_64-suse-linux/11/../../../../lib64/:/lib/../lib64/:/usr/lib/../lib64/:/usr/lib64/gcc/x86_64-suse-linux/11/../../../../x86_64-suse-linux/lib/:/usr/lib64/gcc/x86_64-suse-linux/11/../../../:/lib/:/usr/lib/]
  ignore line: [COLLECT_GCC_OPTIONS='-v' '-o' 'CMakeFiles/cmTC_33476.dir/CMakeCCompilerABI.c.o' '-c' '-mtune=generic' '-march=x86-64' '-dumpdir' 'CMakeFiles/cmTC_33476.dir/CMakeCCompilerABI.c.']
  ignore line: [Linking C executable cmTC_33476]
  ignore line: [/usr/bin/cmake -E cmake_link_script CMakeFiles/cmTC_33476.dir/link.txt --verbose=1]
  ignore line: [/bin/x86_64-suse-linux-gcc-11  -v -rdynamic CMakeFiles/cmTC_33476.dir/CMakeCCompilerABI.c.o -o cmTC_33476 ]
  ignore line: [Using built-in specs.]
  ignore line: [COLLECT_GCC=/bin/x86_64-suse-linux-gcc-11]
  ignore line: [COLLECT_LTO_WRAPPER=/usr/lib64/gcc/x86_64-suse-linux/11/lto-wrapper]
  ignore line: [OFFLOAD_TARGET_NAMES=nvptx-none:amdgcn-amdhsa]
  ignore line: [OFFLOAD_TARGET_DEFAULT=1]
  ignore line: [Target: x86_64-suse-linux]
  ignore line: [Configured with: ../configure --prefix=/usr --infodir=/usr/share/info --mandir=/usr/share/man --libdir=/usr/lib64 --libexecdir=/usr/lib64 --enable-languages=c c++ objc fortran obj-c++ ada go d jit --enable-offload-targets=nvptx-none amdgcn-amdhsa  --without-cuda-driver --enable-host-shared --enable-checking=release --disable-werror --with-gxx-include-dir=/usr/include/c++/11 --enable-ssp --disable-libssp --disable-libvtv --enable-cet=auto --disable-libcc1 --enable-plugin --with-bugurl=https://bugs.opensuse.org/ --with-pkgversion='SUSE Linux' --with-slibdir=/lib64 --with-system-zlib --enable-libstdcxx-allocator=new --disable-libstdcxx-pch --enable-libphobos --enable-version-specific-runtime-libs --with-gcc-major-version-only --enable-linker-build-id --enable-linux-futex --enable-gnu-indirect-function --program-suffix=-11 --without-system-libunwind --enable-multilib --with-arch-32=x86-64 --with-tune=generic --with-build-config=bootstrap-lto-lean --enable-link-mutex --build=x86_64-suse-linux --host=x86_64-suse-linux]
  ignore line: [Thread model: posix]
  ignore line: [Supported LTO compression algorithms: zlib zstd]
  ignore line: [gcc version 11.3.1 20221024 [revision bd0c76a2329e7fe6d6612c2259647bbb67f5866a] (SUSE Linux) ]
  ignore line: [COMPILER_PATH=/usr/lib64/gcc/x86_64-suse-linux/11/:/usr/lib64/gcc/x86_64-suse-linux/11/:/usr/lib64/gcc/x86_64-suse-linux/:/usr/lib64/gcc/x86_64-suse-linux/11/:/usr/lib64/gcc/x86_64-suse-linux/:/usr/lib64/gcc/x86_64-suse-linux/11/../../../../x86_64-suse-linux/bin/]
  ignore line: [LIBRARY_PATH=/usr/lib64/gcc/x86_64-suse-linux/11/:/usr/lib64/gcc/x86_64-suse-linux/11/../../../../lib64/:/lib/../lib64/:/usr/lib/../lib64/:/usr/lib64/gcc/x86_64-suse-linux/11/../../../../x86_64-suse-linux/lib/:/usr/lib64/gcc/x86_64-suse-linux/11/../../../:/lib/:/usr/lib/]
  ignore line: [COLLECT_GCC_OPTIONS='-v' '-rdynamic' '-o' 'cmTC_33476' '-mtune=generic' '-march=x86-64' '-dumpdir' 'cmTC_33476.']
  link line: [ /usr/lib64/gcc/x86_64-suse-linux/11/collect2 -plugin /usr/lib64/gcc/x86_64-suse-linux/11/liblto_plugin.so -plugin-opt=/usr/lib64/gcc/x86_64-suse-linux/11/lto-wrapper -plugin-opt=-fresolution=/tmp/ccUBFD1a.res -plugin-opt=-pass-through=-lgcc -plugin-opt=-pass-through=-lgcc_s -plugin-opt=-pass-through=-lc -plugin-opt=-pass-through=-lgcc -plugin-opt=-pass-through=-lgcc_s --build-id --eh-frame-hdr -m elf_x86_64 -export-dynamic -dynamic-linker /lib64/ld-linux-x86-64.so.2 -o cmTC_33476 /usr/lib64/gcc/x86_64-suse-linux/11/../../../../lib64/crt1.o /usr/lib64/gcc/x86_64-suse-linux/11/../../../../lib64/crti.o /usr/lib64/gcc/x86_64-suse-linux/11/crtbegin.o -L/usr/lib64/gcc/x86_64-suse-linux/11 -L/usr/lib64/gcc/x86_64-suse-linux/11/../../../../lib64 -L/lib/../lib64 -L/usr/lib/../lib64 -L/usr/lib64/gcc/x86_64-suse-linux/11/../../../../x86_64-suse-linux/lib -L/usr/lib64/gcc/x86_64-suse-linux/11/../../.. CMakeFiles/cmTC_33476.dir/CMakeCCompilerABI.c.o -lgcc --push-state --as-needed -lgcc_s --pop-state -lc -lgcc --push-state --as-needed -lgcc_s --pop-state /usr/lib64/gcc/x86_64-suse-linux/11/crtend.o /usr/lib64/gcc/x86_64-suse-linux/11/../../../../lib64/crtn.o]
    arg [/usr/lib64/gcc/x86_64-suse-linux/11/collect2] ==> ignore
    arg [-plugin] ==> ignore
    arg [/usr/lib64/gcc/x86_64-suse-linux/11/liblto_plugin.so] ==> ignore
    arg [-plugin-opt=/usr/lib64/gcc/x86_64-suse-linux/11/lto-wrapper] ==> ignore
    arg [-plugin-opt=-fresolution=/tmp/ccUBFD1a.res] ==> ignore
    arg [-plugin-opt=-pass-through=-lgcc] ==> ignore
    arg [-plugin-opt=-pass-through=-lgcc_s] ==> ignore
    arg [-plugin-opt=-pass-through=-lc] ==> ignore
    arg [-plugin-opt=-pass-through=-lgcc] ==> ignore
    arg [-plugin-opt=-pass-through=-lgcc_s] ==> ignore
    arg [--build-id] ==> ignore
    arg [--eh-frame-hdr] ==> ignore
    arg [-m] ==> ignore
    arg [elf_x86_64] ==> ignore
    arg [-export-dynamic] ==> ignore
    arg [-dynamic-linker] ==> ignore
    arg [/lib64/ld-linux-x86-64.so.2] ==> ignore
    arg [-o] ==> ignore
    arg [cmTC_33476] ==> ignore
    arg [/usr/lib64/gcc/x86_64-suse-linux/11/../../../../lib64/crt1.o] ==> obj [/usr/lib64/gcc/x86_64-suse-linux/11/../../../../lib64/crt1.o]
    arg [/usr/lib64/gcc/x86_64-suse-linux/11/../../../../lib64/crti.o] ==> obj [/usr/lib64/gcc/x86_64-suse-linux/11/../../../../lib64/crti.o]
    arg [/usr/lib64/gcc/x86_64-suse-linux/11/crtbegin.o] ==> obj [/usr/lib64/gcc/x86_64-suse-linux/11/crtbegin.o]
    arg [-L/usr/lib64/gcc/x86_64-suse-linux/11] ==> dir [/usr/lib64/gcc/x86_64-suse-linux/11]
    arg [-L/usr/lib64/gcc/x86_64-suse-linux/11/../../../../lib64] ==> dir [/usr/lib64/gcc/x86_64-suse-linux/11/../../../../lib64]
    arg [-L/lib/../lib64] ==> dir [/lib/../lib64]
    arg [-L/usr/lib/../lib64] ==> dir [/usr/lib/../lib64]
    arg [-L/usr/lib64/gcc/x86_64-suse-linux/11/../../../../x86_64-suse-linux/lib] ==> dir [/usr/lib64/gcc/x86_64-suse-linux/11/../../../../x86_64-suse-linux/lib]
    arg [-L/usr/lib64/gcc/x86_64-suse-linux/11/../../..] ==> dir [/usr/lib64/gcc/x86_64-suse-linux/11/../../..]
    arg [CMakeFiles/cmTC_33476.dir/CMakeCCompilerABI.c.o] ==> ignore
    arg [-lgcc] ==> lib [gcc]
    arg [--push-state] ==> ignore
    arg [--as-needed] ==> ignore
    arg [-lgcc_s] ==> lib [gcc_s]
    arg [--pop-state] ==> ignore
    arg [-lc] ==> lib [c]
    arg [-lgcc] ==> lib [gcc]
    arg [--push-state] ==> ignore
    arg [--as-needed] ==> ignore
    arg [-lgcc_s] ==> lib [gcc_s]
    arg [--pop-state] ==> ignore
    arg [/usr/lib64/gcc/x86_64-suse-linux/11/crtend.o] ==> obj [/usr/lib64/gcc/x86_64-suse-linux/11/crtend.o]
    arg [/usr/lib64/gcc/x86_64-suse-linux/11/../../../../lib64/crtn.o] ==> obj [/usr/lib64/gcc/x86_64-suse-linux/11/../../../../lib64/crtn.o]
  collapse obj [/usr/lib64/gcc/x86_64-suse-linux/11/../../../../lib64/crt1.o] ==> [/usr/lib64/crt1.o]
  collapse obj [/usr/lib64/gcc/x86_64-suse-linux/11/../../../../lib64/crti.o] ==> [/usr/lib64/crti.o]
  collapse obj [/usr/lib64/gcc/x86_64-suse-linux/11/../../../../lib64/crtn.o] ==> [/usr/lib64/crtn.o]
  collapse library dir [/usr/lib64/gcc/x86_64-suse-linux/11] ==> [/usr/lib64/gcc/x86_64-suse-linux/11]
  collapse library dir [/usr/lib64/gcc/x86_64-suse-linux/11/../../../../lib64] ==> [/usr/lib64]
  collapse library dir [/lib/../lib64] ==> [/lib64]
  collapse library dir [/usr/lib/../lib64] ==> [/usr/lib64]
  collapse library dir [/usr/lib64/gcc/x86_64-suse-linux/11/../../../../x86_64-suse-linux/lib] ==> [/usr/x86_64-suse-linux/lib]
  collapse library dir [/usr/lib64/gcc/x86_64-suse-linux/11/../../..] ==> [/usr/lib64]
  implicit libs: [gcc;gcc_s;c;gcc;gcc_s]
  implicit objs: [/usr/lib64/crt1.o;/usr/lib64/crti.o;/usr/lib64/gcc/x86_64-suse-linux/11/crtbegin.o;/usr/lib64/gcc/x86_64-suse-linux/11/crtend.o;/usr/lib64/crtn.o]
  implicit dirs: [/usr/lib64/gcc/x86_64-suse-linux/11;/usr/lib64;/lib64;/usr/x86_64-suse-linux/lib]
  implicit fwks: []


Detecting CXX compiler ABI info compiled with the following output:
Change Dir: /home/theam/development/projects/cpp/callstack/build/CMakeFiles/CMakeScratch/TryCompile-RMXTb8

Run Build Command(s):/usr/bin/gmake -f Makefile cmTC_ae14a/fast && /usr/bin/gmake  -f CMakeFiles/cmTC_ae14a.dir/build.make CMakeFiles/cmTC_ae14a.dir/build
gmake[1]: Entering directory '/home/theam/development/projects/cpp/callstack/build/CMakeFiles/CMakeScratch/TryCompile-RMXTb8'
Building CXX object CMakeFiles/cmTC_ae14a.dir/CMakeCXXCompilerABI.cpp.o
/bin/clang-13.0.1   -v -MD -MT CMakeFiles/cmTC_ae14a.dir/CMakeCXXCompilerABI.cpp.o -MF CMakeFiles/cmTC_ae14a.dir/CMakeCXXCompilerABI.cpp.o.d -o CMakeFiles/cmTC_ae14a.dir/CMakeCXXCompilerABI.cpp.o -c /usr/share/cmake/Modules/CMakeCXXCompilerABI.cpp
clang version 13.0.1
Target: x86_64-suse-linux-gnu
Thread model: posix
InstalledDir: /bin
Found candidate GCC installation: /bin/../lib64/gcc/x86_64-suse-linux/11
Found candidate GCC installation: /bin/../lib64/gcc/x86_64-suse-linux/12
Selected GCC installation: /bin/../lib64/gcc/x86_64-suse-linux/12
Candidate multilib: .;@m64
Selected multilib: .;@m64
 (in-process)
 "/usr/bin/clang-13.0.1" -cc1 -triple x86_64-suse-linux-gnu -emit-obj -mrelax-all --mrelax-relocations -disable-free -disable-llvm-verifier -discard-value-names -main-file-name CMakeCXXCompilerABI.cpp -mrelocation-model static -mframe-pointer=all -fmath-errno -fno-rounding-math -mconstructor-aliases -munwind-tables -target-cpu x86-64 -tune-cpu generic -debugger-tuning=gdb -v -fcoverage-compilation-dir=/home/theam/development/projects/cpp/callstack/build/CMakeFiles/CMakeScratch/TryCompile-RMXTb8 -resource-dir /usr/lib64/clang/13.0.1 -dependency-file CMakeFiles/cmTC_ae14a.dir/CMakeCXXCompilerABI.cpp.o.d -MT CMakeFiles/cmTC_ae14a.dir/CMakeCXXCompilerABI.cpp.o -sys-header-deps -internal-isystem /bin/../lib64/gcc/x86_64-suse-linux/12/../../../../include/c++/12 -internal-isystem /bin/../lib64/gcc/x86_64-suse-linux/12/../../../../include/c++/12/x86_64-suse-linux -internal-isystem /bin/../lib64/gcc/x86_64-suse-linux/12/../../../../include/c++/12/backward -internal-isystem /usr/lib64/clang/13.0.1/include -internal-isystem /usr/local/include -internal-isystem /bin/../lib64/gcc/x86_64-suse-linux/12/../../../../x86_64-suse-linux/include -internal-externc-isystem /include -internal-externc-isystem /usr/include -fdeprecated-macro -fdebug-compilation-dir=/home/theam/development/projects/cpp/callstack/build/CMakeFiles/CMakeScratch/TryCompile-RMXTb8 -ferror-limit 19 -fgnuc-version=4.2.1 -fcxx-exceptions -fexceptions -faddrsig -D__GCC_HAVE_DWARF2_CFI_ASM=1 -o CMakeFiles/cmTC_ae14a.dir/CMakeCXXCompilerABI.cpp.o -x c++ /usr/share/cmake/Modules/CMakeCXXCompilerABI.cpp
clang -cc1 version 13.0.1 based upon LLVM 13.0.1 default target x86_64-suse-linux-gnu
ignoring nonexistent directory "/include"
#include "..." search starts here:
#include <...> search starts here:
 /bin/../lib64/gcc/x86_64-suse-linux/12/../../../../include/c++/12
 /bin/../lib64/gcc/x86_64-suse-linux/12/../../../../include/c++/12/x86_64-suse-linux
 /bin/../lib64/gcc/x86_64-suse-linux/12/../../../../include/c++/12/backward
 /usr/lib64/clang/13.0.1/include
 /usr/local/include
 /bin/../lib64/gcc/x86_64-suse-linux/12/../../../../x86_64-suse-linux/include
 /usr/include
End of search list.
Linking CXX executable cmTC_ae14a
/usr/bin/cmake -E cmake_link_script CMakeFiles/cmTC_ae14a.dir/link.txt --verbose=1
/bin/clang-13.0.1  -v -rdynamic CMakeFiles/cmTC_ae14a.dir/CMakeCXXCompilerABI.cpp.o -o cmTC_ae14a 
clang version 13.0.1
Target: x86_64-suse-linux-gnu
Thread model: posix
InstalledDir: /bin
Found candidate GCC installation: /bin/../lib64/gcc/x86_64-suse-linux/11
Found candidate GCC installation: /bin/../lib64/gcc/x86_64-suse-linux/12
Selected GCC installation: /bin/../lib64/gcc/x86_64-suse-linux/12
Candidate multilib: .;@m64
Selected multilib: .;@m64
 "/bin/ld" -export-dynamic -z relro --hash-style=gnu --hash-style=both --build-id --enable-new-dtags --eh-frame-hdr -m elf_x86_64 -export-dynamic -dynamic-linker /lib64/ld-linux-x86-64.so.2 -o cmTC_ae14a /bin/../lib64/gcc/x86_64-suse-linux/12/../../../../lib64/crt1.o /bin/../lib64/gcc/x86_64-suse-linux/12/../../../../lib64/crti.o /bin/../lib64/gcc/x86_64-suse-linux/12/crtbegin.o -L/bin/../lib64/gcc/x86_64-suse-linux/12 -L/bin/../lib64/gcc/x86_64-suse-linux/12/../../../../lib64 -L/lib/../lib64 -L/usr/lib/../lib64 -L/bin/../lib64/gcc/x86_64-suse-linux/12/../../../../x86_64-suse-linux/lib -L/usr/bin/../lib -L/lib -L/usr/lib CMakeFiles/cmTC_ae14a.dir/CMakeCXXCompilerABI.cpp.o -lgcc --as-needed -lgcc_s --no-as-needed -lc -lgcc --as-needed -lgcc_s --no-as-needed /bin/../lib64/gcc/x86_64-suse-linux/12/crtend.o /bin/../lib64/gcc/x86_64-suse-linux/12/../../../../lib64/crtn.o
gmake[1]: Leaving directory '/home/theam/development/projects/cpp/callstack/build/CMakeFiles/CMakeScratch/TryCompile-RMXTb8'



Parsed CXX implicit include dir info from above output: rv=done
  found start of include info
  found start of implicit include info
    add: [/bin/../lib64/gcc/x86_64-suse-linux/12/../../../../include/c++/12]
    add: [/bin/../lib64/gcc/x86_64-suse-linux/12/../../../../include/c++/12/x86_64-suse-linux]
    add: [/bin/../lib64/gcc/x86_64-suse-linux/12/../../../../include/c++/12/backward]
    add: [/usr/lib64/clang/13.0.1/include]
    add: [/usr/local/include]
    add: [/bin/../lib64/gcc/x86_64-suse-linux/12/../../../../x86_64-suse-linux/include]
    add: [/usr/include]
  end of search list found
  collapse include dir [/bin/../lib64/gcc/x86_64-suse-linux/12/../../../../include/c++/12] ==> [/include/c++/12]
  collapse include dir [/bin/../lib64/gcc/x86_64-suse-linux/12/../../../../include/c++/12/x86_64-suse-linux] ==> [/include/c++/12/x86_64-suse-linux]
  collapse include dir [/bin/../lib64/gcc/x86_64-suse-linux/12/../../../../include/c++/12/backward] ==> [/include/c++/12/backward]
  collapse include dir [/usr/lib64/clang/13.0.1/include] ==> [/usr/lib64/clang/13.0.1/include]
  collapse include dir [/usr/local/include] ==> [/usr/local/include]
  collapse include dir [/bin/../lib64/gcc/x86_64-suse-linux/12/../../../../x86_64-suse-linux/include] ==> [/x86_64-suse-linux/include]
  collapse include dir [/usr/include] ==> [/usr/include]
  implicit include dirs: [/include/c++/12;/include/c++/12/x86_64-suse-linux;/include/c++/12/backward;/usr/lib64/clang/13.0.1/include;/usr/local/include;/x86_64-suse-linux/include;/usr/include]


Parsed CXX implicit link information from above output:
  link line regex: [^( *|.*[/\])(ld|CMAKE_LINK_STARTFILE-NOTFOUND|([^/\]+-)?ld|collect2)[^/\]*( |$)]
  ignore line: [Change Dir: /home/theam/development/projects/cpp/callstack/build/CMakeFiles/CMakeScratch/TryCompile-RMXTb8]
  ignore line: []
  ignore line: [Run Build Command(s):/usr/bin/gmake -f Makefile cmTC_ae14a/fast && /usr/bin/gmake  -f CMakeFiles/cmTC_ae14a.dir/build.make CMakeFiles/cmTC_ae14a.dir/build]
  ignore line: [gmake[1]: Entering directory '/home/theam/development/projects/cpp/callstack/build/CMakeFiles/CMakeScratch/TryCompile-RMXTb8']
  ignore line: [Building CXX object CMakeFiles/cmTC_ae14a.dir/CMakeCXXCompilerABI.cpp.o]
  ignore line: [/bin/clang-13.0.1   -v -MD -MT CMakeFiles/cmTC_ae14a.dir/CMakeCXXCompilerABI.cpp.o -MF CMakeFiles/cmTC_ae14a.dir/CMakeCXXCompilerABI.cpp.o.d -o CMakeFiles/cmTC_ae14a.dir/CMakeCXXCompilerABI.cpp.o -c /usr/share/cmake/Modules/CMakeCXXCompilerABI.cpp]
  ignore line: [clang version 13.0.1]
  ignore line: [Target: x86_64-suse-linux-gnu]
  ignore line: [Thread model: posix]
  ignore line: [InstalledDir: /bin]
  ignore line: [Found candidate GCC installation: /bin/../lib64/gcc/x86_64-suse-linux/11]
  ignore line: [Found candidate GCC installation: /bin/../lib64/gcc/x86_64-suse-linux/12]
  ignore line: [Selected GCC installation: /bin/../lib64/gcc/x86_64-suse-linux/12]
  ignore line: [Candidate multilib: .]
  ignore line: [@m64]
  ignore line: [Selected multilib: .]
  ignore line: [@m64]
  ignore line: [ (in-process)]
  ignore line: [ "/usr/bin/clang-13.0.1" -cc1 -triple x86_64-suse-linux-gnu -emit-obj -mrelax-all --mrelax-relocations -disable-free -disable-llvm-verifier -discard-value-names -main-file-name CMakeCXXCompilerABI.cpp -mrelocation-model static -mframe-pointer=all -fmath-errno -fno-rounding-math -mconstructor-aliases -munwind-tables -target-cpu x86-64 -tune-cpu generic -debugger-tuning=gdb -v -fcoverage-compilation-dir=/home/theam/development/projects/cpp/callstack/build/CMakeFiles/CMakeScratch/TryCompile-RMXTb8 -resource-dir /usr/lib64/clang/13.0.1 -dependency-file CMakeFiles/cmTC_ae14a.dir/CMakeCXXCompilerABI.cpp.o.d -MT CMakeFiles/cmTC_ae14a.dir/CMakeCXXCompilerABI.cpp.o -sys-header-deps -internal-isystem /bin/../lib64/gcc/x86_64-suse-linux/12/../../../../include/c++/12 -internal-isystem /bin/../lib64/gcc/x86_64-suse-linux/12/../../../../include/c++/12/x86_64-suse-linux -internal-isystem /bin/../lib64/gcc/x86_64-suse-linux/12/../../../../include/c++/12/backward -internal-isystem /usr/lib64/clang/13.0.1/include -internal-isystem /usr/local/include -internal-isystem /bin/../lib64/gcc/x86_64-suse-linux/12/../../../../x86_64-suse-linux/include -internal-externc-isystem /include -internal-externc-isystem /usr/include -fdeprecated-macro -fdebug-compilation-dir=/home/theam/development/projects/cpp/callstack/build/CMakeFiles/CMakeScratch/TryCompile-RMXTb8 -ferror-limit 19 -fgnuc-version=4.2.1 -fcxx-exceptions -fexceptions -faddrsig -D__GCC_HAVE_DWARF2_CFI_ASM=1 -o CMakeFiles/cmTC_ae14a.dir/CMakeCXXCompilerABI.cpp.o -x c++ /usr/share/cmake/Modules/CMakeCXXCompilerABI.cpp]
  ignore line: [clang -cc1 version 13.0.1 based upon LLVM 13.0.1 default target x86_64-suse-linux-gnu]
  ignore line: [ignoring nonexistent directory "/include"]
  ignore line: [#include "..." search starts here:]
  ignore line: [#include <...> search starts here:]
  ignore line: [ /bin/../lib64/gcc/x86_64-suse-linux/12/../../../../include/c++/12]
  ignore line: [ /bin/../lib64/gcc/x86_64-suse-linux/12/../../../../include/c++/12/x86_64-suse-linux]
  ignore line: [ /bin/../lib64/gcc/x86_64-suse-linux/12/../../../../include/c++/12/backward]
  ignore line: [ /usr/lib64/clang/13.0.1/include]
  ignore line: [ /usr/local/include]
  ignore line: [ /bin/../lib64/gcc/x86_64-suse-linux/12/../../../../x86_64-suse-linux/include]
  ignore line: [ /usr/include]
  ignore line: [End of search list.]
  ignore line: [Linking CXX executable cmTC_ae14a]
  ignore line: [/usr/bin/cmake -E cmake_link_script CMakeFiles/cmTC_ae14a.dir/link.txt --verbose=1]
  ignore line: [/bin/clang-13.0.1  -v -rdynamic CMakeFiles/cmTC_ae14a.dir/CMakeCXXCompilerABI.cpp.o -o cmTC_ae14a ]
  ignore line: [clang version 13.0.1]
  ignore line: [Target: x86_64-suse-linux-gnu]
  ignore line: [Thread model: posix]
  ignore line: [InstalledDir: /bin]
  ignore line: [Found candidate GCC installation: /bin/../lib64/gcc/x86_64-suse-linux/11]
  ignore line: [Found candidate GCC installation: /bin/../lib64/gcc/x86_64-suse-linux/12]
  ignore line: [Selected GCC installation: /bin/../lib64/gcc/x86_64-suse-linux/12]
  ignore line: [Candidate multilib: .]
  ignore line: [@m64]
  ignore line: [Selected multilib: .]
  ignore line: [@m64]
  link line: [ "/bin/ld" -export-dynamic -z relro --hash-style=gnu --hash-style=both --build-id --enable-new-dtags --eh-frame-hdr -m elf_x86_64 -export-dynamic -dynamic-linker /lib64/ld-linux-x86-64.so.2 -o cmTC_ae14a /bin/../lib64/gcc/x86_64-suse-linux/12/../../../../lib64/crt1.o /bin/../lib64/gcc/x86_64-suse-linux/12/../../../../lib64/crti.o /bin/../lib64/gcc/x86_64-suse-linux/12/crtbegin.o -L/bin/../lib64/gcc/x86_64-suse-linux/12 -L/bin/../lib64/gcc/x86_64-suse-linux/12/../../../../lib64 -L/lib/../lib64 -L/usr/lib/../lib64 -L/bin/../lib64/gcc/x86_64-suse-linux/12/../../../../x86_64-suse-linux/lib -L/usr/bin/../lib -L/lib -L/usr/lib CMakeFiles/cmTC_ae14a.dir/CMakeCXXCompilerABI.cpp.o -lgcc --as-needed -lgcc_s --no-as-needed -lc -lgcc --as-needed -lgcc_s --no-as-needed /bin/../lib64/gcc/x86_64-suse-linux/12/crtend.o /bin/../lib64/gcc/x86_64-suse-linux/12/../../../../lib64/crtn.o]
    arg [/bin/ld] ==> ignore
    arg [-export-dynamic] ==> ignore
    arg [-zrelro] ==> ignore
    arg [--hash-style=gnu] ==> ignore
    arg [--hash-style=both] ==> ignore
    arg [--build-id] ==> ignore
    arg [--enable-new-dtags] ==> ignore
    arg [--eh-frame-hdr] ==> ignore
    arg [-m] ==> ignore
    arg [elf_x86_64] ==> ignore
    arg [-export-dynamic] ==> ignore
    arg [-dynamic-linker] ==> ignore
    arg [/lib64/ld-linux-x86-64.so.2] ==> ignore
    arg [-o] ==> ignore
    arg [cmTC_ae14a] ==> ignore
    arg [/bin/../lib64/gcc/x86_64-suse-linux/12/../../../../lib64/crt1.o] ==> obj [/bin/../lib64/gcc/x86_64-suse-linux/12/../../../../lib64/crt1.o]
    arg [/bin/../lib64/gcc/x86_64-suse-linux/12/../../../../lib64/crti.o] ==> obj [/bin/../lib64/gcc/x86_64-suse-linux/12/../../../../lib64/crti.o]
    arg [/bin/../lib64/gcc/x86_64-suse-linux/12/crtbegin.o] ==> obj [/bin/../lib64/gcc/x86_64-suse-linux/12/crtbegin.o]
    arg [-L/bin/../lib64/gcc/x86_64-suse-linux/12] ==> dir [/bin/../lib64/gcc/x86_64-suse-linux/12]
    arg [-L/bin/../lib64/gcc/x86_64-suse-linux/12/../../../../lib64] ==> dir [/bin/../lib64/gcc/x86_64-suse-linux/12/../../../../lib64]
    arg [-L/lib/../lib64] ==> dir [/lib/../lib64]
    arg [-L/usr/lib/../lib64] ==> dir [/usr/lib/../lib64]
    arg [-L/bin/../lib64/gcc/x86_64-suse-linux/12/../../../../x86_64-suse-linux/lib] ==> dir [/bin/../lib64/gcc/x86_64-suse-linux/12/../../../../x86_64-suse-linux/lib]
    arg [-L/usr/bin/../lib] ==> dir [/usr/bin/../lib]
    arg [-L/lib] ==> dir [/lib]
    arg [-L/usr/lib] ==> dir [/usr/lib]
    arg [CMakeFiles/cmTC_ae14a.dir/CMakeCXXCompilerABI.cpp.o] ==> ignore
    arg [-lgcc] ==> lib [gcc]
    arg [--as-needed] ==> ignore
    arg [-lgcc_s] ==> lib [gcc_s]
    arg [--no-as-needed] ==> ignore
    arg [-lc] ==> lib [c]
    arg [-lgcc] ==> lib [gcc]
    arg [--as-needed] ==> ignore
    arg [-lgcc_s] ==> lib [gcc_s]
    arg [--no-as-needed] ==> ignore
    arg [/bin/../lib64/gcc/x86_64-suse-linux/12/crtend.o] ==> obj [/bin/../lib64/gcc/x86_64-suse-linux/12/crtend.o]
    arg [/bin/../lib64/gcc/x86_64-suse-linux/12/../../../../lib64/crtn.o] ==> obj [/bin/../lib64/gcc/x86_64-suse-linux/12/../../../../lib64/crtn.o]
  collapse obj [/bin/../lib64/gcc/x86_64-suse-linux/12/../../../../lib64/crt1.o] ==> [/lib64/crt1.o]
  collapse obj [/bin/../lib64/gcc/x86_64-suse-linux/12/../../../../lib64/crti.o] ==> [/lib64/crti.o]
  collapse obj [/bin/../lib64/gcc/x86_64-suse-linux/12/crtbegin.o] ==> [/lib64/gcc/x86_64-suse-linux/12/crtbegin.o]
  collapse obj [/bin/../lib64/gcc/x86_64-suse-linux/12/crtend.o] ==> [/lib64/gcc/x86_64-suse-linux/12/crtend.o]
  collapse obj [/bin/../lib64/gcc/x86_64-suse-linux/12/../../../../lib64/crtn.o] ==> [/lib64/crtn.o]
  collapse library dir [/bin/../lib64/gcc/x86_64-suse-linux/12] ==> [/lib64/gcc/x86_64-suse-linux/12]
  collapse library dir [/bin/../lib64/gcc/x86_64-suse-linux/12/../../../../lib64] ==> [/lib64]
  collapse library dir [/lib/../lib64] ==> [/lib64]
  collapse library dir [/usr/lib/../lib64] ==> [/usr/lib64]
  collapse library dir [/bin/../lib64/gcc/x86_64-suse-linux/12/../../../../x86_64-suse-linux/lib] ==> [/x86_64-suse-linux/lib]
  collapse library dir [/usr/bin/../lib] ==> [/usr/lib]
  collapse library dir [/lib] ==> [/lib]
  collapse library dir [/usr/lib] ==> [/usr/lib]
  implicit libs: [gcc;gcc_s;c;gcc;gcc_s]
  implicit objs: [/lib64/crt1.o;/lib64/crti.o;/lib64/gcc/x86_64-suse-linux/12/crtbegin.o;/lib64/gcc/x86_64-suse-linux/12/crtend.o;/lib64/crtn.o]
  implicit dirs: [/lib64/gcc/x86_64-suse-linux/12;/lib64;/usr/lib64;/x86_64-suse-linux/lib;/usr/lib;/lib]
  implicit fwks: []


